#
# There is insufficient memory for the Java Runtime Environment to continue.
# Native memory allocation (malloc) failed to allocate 32744 bytes for ChunkPool::allocate
# Possible reasons:
#   The system is out of physical RAM or swap space
#   The process is running with CompressedOops enabled, and the Java Heap may be blocking the growth of the native heap
# Possible solutions:
#   Reduce memory load on the system
#   Increase physical memory or swap space
#   Check if swap backing store is full
#   Decrease Java heap size (-Xmx/-Xms)
#   Decrease number of Java threads
#   Decrease Java thread stack sizes (-Xss)
#   Set larger code cache with -XX:ReservedCodeCacheSize=
#   JVM is running with Unscaled Compressed Oops mode in which the Java heap is
#     placed in the first 4GB address space. The Java Heap base address is the
#     maximum limit for the native heap growth. Please use -XX:HeapBaseMinAddress
#     to set the Java Heap base and to place the Java Heap above 4GB virtual address.
# This output file may be truncated or incomplete.
#
#  Out of Memory Error (arena.cpp:79), pid=3900, tid=10184
#
# JRE version: OpenJDK Runtime Environment OpenLogic-OpenJDK (17.0.10+7) (build 17.0.10+7-adhoc..jdk17u)
# Java VM: OpenJDK 64-Bit Server VM OpenLogic-OpenJDK (17.0.10+7-adhoc..jdk17u, mixed mode, sharing, tiered, compressed oops, compressed class ptrs, g1 gc, windows-amd64)
# No core dump will be written. Minidumps are not enabled by default on client versions of Windows
#

---------------  S U M M A R Y ------------

Command Line: -Xmx64m -Xms64m -Dorg.gradle.appname=gradlew org.gradle.wrapper.GradleWrapperMain app:installDebug -PreactNativeDevServerPort=8081

Host: Intel(R) Core(TM) i5-7200U CPU @ 2.50GHz, 4 cores, 7G,  Windows 10 , 64 bit Build 19041 (10.0.19041.4717)
Time: Sun Aug  4 19:39:33 2024 Pakistan Standard Time elapsed time: 292.632212 seconds (0d 0h 4m 52s)

---------------  T H R E A D  ---------------

Current thread (0x000001cba64324d0):  JavaThread "C2 CompilerThread0" daemon [_thread_in_native, id=10184, stack(0x0000005be3f00000,0x0000005be4000000)]


Current CompileTask:
C2: 292632 1941       4       org.gradle.internal.logging.text.AbstractLineChoppingStyledTextOutput::doAppend (43 bytes)

Stack: [0x0000005be3f00000,0x0000005be4000000]
Native frames: (J=compiled Java code, j=interpreted, Vv=VM code, C=native code)
V  [jvm.dll+0x67d6e9]
V  [jvm.dll+0x834dca]
V  [jvm.dll+0x83688e]
V  [jvm.dll+0x836ef3]
V  [jvm.dll+0x247bdf]
V  [jvm.dll+0xac711]
V  [jvm.dll+0xacb5c]
V  [jvm.dll+0x6d0f53]
V  [jvm.dll+0x6d1b52]
V  [jvm.dll+0x6902ce]
V  [jvm.dll+0x695676]
V  [jvm.dll+0x68daeb]
V  [jvm.dll+0x68d127]
V  [jvm.dll+0x68b012]
V  [jvm.dll+0x1a838c]
V  [jvm.dll+0x2ae334]
V  [jvm.dll+0x695b25]
V  [jvm.dll+0x68daeb]
V  [jvm.dll+0x68d127]
V  [jvm.dll+0x68b012]
V  [jvm.dll+0x1a838c]
V  [jvm.dll+0x1a8f56]
V  [jvm.dll+0x2ae334]
V  [jvm.dll+0x695b25]
V  [jvm.dll+0x68daeb]
V  [jvm.dll+0x68d127]
V  [jvm.dll+0x68b012]
V  [jvm.dll+0x1a838c]
V  [jvm.dll+0x1a8f56]
V  [jvm.dll+0x2ae334]
V  [jvm.dll+0x695b25]
V  [jvm.dll+0x68daeb]
V  [jvm.dll+0x68d127]
V  [jvm.dll+0x68b012]
V  [jvm.dll+0x1a838c]
V  [jvm.dll+0x1a8f56]
V  [jvm.dll+0x2ae334]
V  [jvm.dll+0x695b25]
V  [jvm.dll+0x68daeb]
V  [jvm.dll+0x68d127]
V  [jvm.dll+0x68b012]
V  [jvm.dll+0x1a838c]
V  [jvm.dll+0x1a8f56]
V  [jvm.dll+0x2ae334]
V  [jvm.dll+0x695b25]
V  [jvm.dll+0x68daeb]
V  [jvm.dll+0x68d127]
V  [jvm.dll+0x68b012]
V  [jvm.dll+0x1a838c]
V  [jvm.dll+0x1a8f56]
V  [jvm.dll+0x2ae334]
V  [jvm.dll+0x695b25]
V  [jvm.dll+0x68daeb]
V  [jvm.dll+0x68d127]
V  [jvm.dll+0x68b012]
V  [jvm.dll+0x1a838c]
V  [jvm.dll+0x1a8f56]
V  [jvm.dll+0x1a8f56]
V  [jvm.dll+0x2ae334]
V  [jvm.dll+0x695b25]
V  [jvm.dll+0x68daeb]
V  [jvm.dll+0x68d127]
V  [jvm.dll+0x68b012]
V  [jvm.dll+0x1a838c]
V  [jvm.dll+0x1a8f56]
V  [jvm.dll+0x1a8f56]
V  [jvm.dll+0x1a8e98]
V  [jvm.dll+0x2ae334]
V  [jvm.dll+0x695b25]
V  [jvm.dll+0x68daeb]
V  [jvm.dll+0x68d127]
V  [jvm.dll+0x68b012]
V  [jvm.dll+0x1a838c]
V  [jvm.dll+0x1a8f56]
V  [jvm.dll+0x1a8f56]
V  [jvm.dll+0x2ae334]
V  [jvm.dll+0x695b25]
V  [jvm.dll+0x68daeb]
V  [jvm.dll+0x68d127]
V  [jvm.dll+0x68b012]
V  [jvm.dll+0x1a838c]
V  [jvm.dll+0x1a8f56]
V  [jvm.dll+0x2ae334]
V  [jvm.dll+0x695b25]
V  [jvm.dll+0x68daeb]
V  [jvm.dll+0x68d127]
V  [jvm.dll+0x68b012]
V  [jvm.dll+0x1a838c]
V  [jvm.dll+0x1a8f56]
V  [jvm.dll+0x2ae334]
V  [jvm.dll+0x695b25]
V  [jvm.dll+0x68daeb]
V  [jvm.dll+0x68d127]
V  [jvm.dll+0x68b012]
V  [jvm.dll+0x1a838c]
V  [jvm.dll+0x1a8f56]
V  [jvm.dll+0x2ae334]
V  [jvm.dll+0x695b25]
V  [jvm.dll+0x68daeb]
...<more frames>...


---------------  P R O C E S S  ---------------

Threads class SMR info:
_java_thread_list=0x000001cc087917d0, length=14, elements={
0x000001cba6383060, 0x000001cba6414880, 0x000001cba6415700, 0x000001cba642b6b0,
0x000001cba642e440, 0x000001cba642fe10, 0x000001cba64317e0, 0x000001cba64324d0,
0x000001cba6432f80, 0x000001cba643e900, 0x000001cbc2a6d550, 0x000001cbc2a78830,
0x000001cc089e59a0, 0x000001cbc2d182e0
}

Java Threads: ( => current thread )
  0x000001cba6383060 JavaThread "main" [_thread_blocked, id=6548, stack(0x0000005be3200000,0x0000005be3300000)]
  0x000001cba6414880 JavaThread "Reference Handler" daemon [_thread_blocked, id=10804, stack(0x0000005be3900000,0x0000005be3a00000)]
  0x000001cba6415700 JavaThread "Finalizer" daemon [_thread_blocked, id=8452, stack(0x0000005be3a00000,0x0000005be3b00000)]
  0x000001cba642b6b0 JavaThread "Signal Dispatcher" daemon [_thread_blocked, id=8884, stack(0x0000005be3b00000,0x0000005be3c00000)]
  0x000001cba642e440 JavaThread "Attach Listener" daemon [_thread_blocked, id=2028, stack(0x0000005be3c00000,0x0000005be3d00000)]
  0x000001cba642fe10 JavaThread "Service Thread" daemon [_thread_blocked, id=9328, stack(0x0000005be3d00000,0x0000005be3e00000)]
  0x000001cba64317e0 JavaThread "Monitor Deflation Thread" daemon [_thread_blocked, id=3076, stack(0x0000005be3e00000,0x0000005be3f00000)]
=>0x000001cba64324d0 JavaThread "C2 CompilerThread0" daemon [_thread_in_native, id=10184, stack(0x0000005be3f00000,0x0000005be4000000)]
  0x000001cba6432f80 JavaThread "C1 CompilerThread0" daemon [_thread_blocked, id=3228, stack(0x0000005be4000000,0x0000005be4100000)]
  0x000001cba643e900 JavaThread "Sweeper thread" daemon [_thread_blocked, id=6216, stack(0x0000005be4100000,0x0000005be4200000)]
  0x000001cbc2a6d550 JavaThread "Notification Thread" daemon [_thread_blocked, id=13048, stack(0x0000005be4200000,0x0000005be4300000)]
  0x000001cbc2a78830 JavaThread "Common-Cleaner" daemon [_thread_blocked, id=7532, stack(0x0000005be4400000,0x0000005be4500000)]
  0x000001cc089e59a0 JavaThread "pool-1-thread-1" [_thread_blocked, id=8808, stack(0x0000005be4800000,0x0000005be4900000)]
  0x000001cbc2d182e0 JavaThread "Logging-Cleaner" [_thread_new, id=12580, stack(0x0000000000000000,0x0000000000000000)]

Other Threads:
  0x000001cba640fc10 VMThread "VM Thread" [stack: 0x0000005be3800000,0x0000005be3900000] [id=10028]
  0x000001cbc2a71a40 WatcherThread [stack: 0x0000005be4300000,0x0000005be4400000] [id=6280]
  0x000001cba63a2620 GCTaskThread "GC Thread#0" [stack: 0x0000005be3300000,0x0000005be3400000] [id=12740]
  0x000001cbc2d24eb0 GCTaskThread "GC Thread#1" [stack: 0x0000005be4500000,0x0000005be4600000] [id=13672]
  0x000001cbc2d56780 GCTaskThread "GC Thread#2" [stack: 0x0000005be4600000,0x0000005be4700000] [id=5044]
  0x000001cc081dca10 GCTaskThread "GC Thread#3" [stack: 0x0000005be4700000,0x0000005be4800000] [id=1592]
  0x000001cba63a3d70 ConcurrentGCThread "G1 Main Marker" [stack: 0x0000005be3400000,0x0000005be3500000] [id=4232]
  0x000001cba63a4790 ConcurrentGCThread "G1 Conc#0" [stack: 0x0000005be3500000,0x0000005be3600000] [id=9092]
  0x000001cba63f1110 ConcurrentGCThread "G1 Refine#0" [stack: 0x0000005be3600000,0x0000005be3700000] [id=5156]
  0x000001cba63f2b50 ConcurrentGCThread "G1 Service" [stack: 0x0000005be3700000,0x0000005be3800000] [id=11588]

Threads with active compile tasks:
C2 CompilerThread0   292762 1941       4       org.gradle.internal.logging.text.AbstractLineChoppingStyledTextOutput::doAppend (43 bytes)

VM state: not at safepoint (normal execution)

VM Mutex/Monitor currently owned by a thread: None

Heap address: 0x00000000fc000000, size: 64 MB, Compressed Oops mode: 32-bit

CDS archive(s) mapped at: [0x000001cbc3000000-0x000001cbc3bc0000-0x000001cbc3bc0000), size 12320768, SharedBaseAddress: 0x000001cbc3000000, ArchiveRelocationMode: 1.
Compressed class space mapped at: 0x000001cbc4000000-0x000001cc04000000, reserved size: 1073741824
Narrow klass base: 0x000001cbc3000000, Narrow klass shift: 0, Narrow klass range: 0x100000000

GC Precious Log:
 CPUs: 4 total, 4 available
 Memory: 7812M
 Large Page Support: Disabled
 NUMA Support: Disabled
 Compressed Oops: Enabled (32-bit)
 Heap Region Size: 1M
 Heap Min Capacity: 64M
 Heap Initial Capacity: 64M
 Heap Max Capacity: 64M
 Pre-touch: Disabled
 Parallel Workers: 4
 Concurrent Workers: 1
 Concurrent Refinement Workers: 4
 Periodic GC: Disabled

Heap:
 garbage-first heap   total 65536K, used 16017K [0x00000000fc000000, 0x0000000100000000)
  region size 1024K, 6 young (6144K), 3 survivors (3072K)
 Metaspace       used 10264K, committed 10432K, reserved 1114112K
  class space    used 1316K, committed 1408K, reserved 1048576K

Heap Regions: E=young(eden), S=young(survivor), O=old, HS=humongous(starts), HC=humongous(continues), CS=collection set, F=free, OA=open archive, CA=closed archive, TAMS=top-at-mark-start (previous, next)
|   0|0x00000000fc000000, 0x00000000fc100000, 0x00000000fc100000|100%| O|  |TAMS 0x00000000fc000000, 0x00000000fc000000| Untracked 
|   1|0x00000000fc100000, 0x00000000fc200000, 0x00000000fc200000|100%|HS|  |TAMS 0x00000000fc100000, 0x00000000fc100000| Complete 
|   2|0x00000000fc200000, 0x00000000fc300000, 0x00000000fc300000|100%|HC|  |TAMS 0x00000000fc200000, 0x00000000fc200000| Complete 
|   3|0x00000000fc300000, 0x00000000fc400000, 0x00000000fc400000|100%|HC|  |TAMS 0x00000000fc300000, 0x00000000fc300000| Complete 
|   4|0x00000000fc400000, 0x00000000fc500000, 0x00000000fc500000|100%|HC|  |TAMS 0x00000000fc400000, 0x00000000fc400000| Complete 
|   5|0x00000000fc500000, 0x00000000fc600000, 0x00000000fc600000|100%| O|  |TAMS 0x00000000fc500000, 0x00000000fc500000| Untracked 
|   6|0x00000000fc600000, 0x00000000fc700000, 0x00000000fc700000|100%| O|  |TAMS 0x00000000fc600000, 0x00000000fc600000| Untracked 
|   7|0x00000000fc700000, 0x00000000fc800000, 0x00000000fc800000|100%| O|  |TAMS 0x00000000fc700000, 0x00000000fc700000| Untracked 
|   8|0x00000000fc800000, 0x00000000fc900000, 0x00000000fc900000|100%| O|  |TAMS 0x00000000fc800000, 0x00000000fc800000| Untracked 
|   9|0x00000000fc900000, 0x00000000fca00000, 0x00000000fca00000|100%| O|  |TAMS 0x00000000fc900000, 0x00000000fc900000| Untracked 
|  10|0x00000000fca00000, 0x00000000fcb00000, 0x00000000fcb00000|100%| O|  |TAMS 0x00000000fca00000, 0x00000000fca00000| Untracked 
|  11|0x00000000fcb00000, 0x00000000fcb15e00, 0x00000000fcc00000|  8%| O|  |TAMS 0x00000000fcb00000, 0x00000000fcb00000| Untracked 
|  12|0x00000000fcc00000, 0x00000000fcc00000, 0x00000000fcd00000|  0%| F|  |TAMS 0x00000000fcc00000, 0x00000000fcc00000| Untracked 
|  13|0x00000000fcd00000, 0x00000000fcd00000, 0x00000000fce00000|  0%| F|  |TAMS 0x00000000fcd00000, 0x00000000fcd00000| Untracked 
|  14|0x00000000fce00000, 0x00000000fce00000, 0x00000000fcf00000|  0%| F|  |TAMS 0x00000000fce00000, 0x00000000fce00000| Untracked 
|  15|0x00000000fcf00000, 0x00000000fcf00000, 0x00000000fd000000|  0%| F|  |TAMS 0x00000000fcf00000, 0x00000000fcf00000| Untracked 
|  16|0x00000000fd000000, 0x00000000fd000000, 0x00000000fd100000|  0%| F|  |TAMS 0x00000000fd000000, 0x00000000fd000000| Untracked 
|  17|0x00000000fd100000, 0x00000000fd100000, 0x00000000fd200000|  0%| F|  |TAMS 0x00000000fd100000, 0x00000000fd100000| Untracked 
|  18|0x00000000fd200000, 0x00000000fd200000, 0x00000000fd300000|  0%| F|  |TAMS 0x00000000fd200000, 0x00000000fd200000| Untracked 
|  19|0x00000000fd300000, 0x00000000fd300000, 0x00000000fd400000|  0%| F|  |TAMS 0x00000000fd300000, 0x00000000fd300000| Untracked 
|  20|0x00000000fd400000, 0x00000000fd400000, 0x00000000fd500000|  0%| F|  |TAMS 0x00000000fd400000, 0x00000000fd400000| Untracked 
|  21|0x00000000fd500000, 0x00000000fd500000, 0x00000000fd600000|  0%| F|  |TAMS 0x00000000fd500000, 0x00000000fd500000| Untracked 
|  22|0x00000000fd600000, 0x00000000fd600000, 0x00000000fd700000|  0%| F|  |TAMS 0x00000000fd600000, 0x00000000fd600000| Untracked 
|  23|0x00000000fd700000, 0x00000000fd700000, 0x00000000fd800000|  0%| F|  |TAMS 0x00000000fd700000, 0x00000000fd700000| Untracked 
|  24|0x00000000fd800000, 0x00000000fd800000, 0x00000000fd900000|  0%| F|  |TAMS 0x00000000fd800000, 0x00000000fd800000| Untracked 
|  25|0x00000000fd900000, 0x00000000fd900000, 0x00000000fda00000|  0%| F|  |TAMS 0x00000000fd900000, 0x00000000fd900000| Untracked 
|  26|0x00000000fda00000, 0x00000000fda00000, 0x00000000fdb00000|  0%| F|  |TAMS 0x00000000fda00000, 0x00000000fda00000| Untracked 
|  27|0x00000000fdb00000, 0x00000000fdb00000, 0x00000000fdc00000|  0%| F|  |TAMS 0x00000000fdb00000, 0x00000000fdb00000| Untracked 
|  28|0x00000000fdc00000, 0x00000000fdc00000, 0x00000000fdd00000|  0%| F|  |TAMS 0x00000000fdc00000, 0x00000000fdc00000| Untracked 
|  29|0x00000000fdd00000, 0x00000000fdd00000, 0x00000000fde00000|  0%| F|  |TAMS 0x00000000fdd00000, 0x00000000fdd00000| Untracked 
|  30|0x00000000fde00000, 0x00000000fde00000, 0x00000000fdf00000|  0%| F|  |TAMS 0x00000000fde00000, 0x00000000fde00000| Untracked 
|  31|0x00000000fdf00000, 0x00000000fdf00000, 0x00000000fe000000|  0%| F|  |TAMS 0x00000000fdf00000, 0x00000000fdf00000| Untracked 
|  32|0x00000000fe000000, 0x00000000fe000000, 0x00000000fe100000|  0%| F|  |TAMS 0x00000000fe000000, 0x00000000fe000000| Untracked 
|  33|0x00000000fe100000, 0x00000000fe100000, 0x00000000fe200000|  0%| F|  |TAMS 0x00000000fe100000, 0x00000000fe100000| Untracked 
|  34|0x00000000fe200000, 0x00000000fe200000, 0x00000000fe300000|  0%| F|  |TAMS 0x00000000fe200000, 0x00000000fe200000| Untracked 
|  35|0x00000000fe300000, 0x00000000fe300000, 0x00000000fe400000|  0%| F|  |TAMS 0x00000000fe300000, 0x00000000fe300000| Untracked 
|  36|0x00000000fe400000, 0x00000000fe400000, 0x00000000fe500000|  0%| F|  |TAMS 0x00000000fe400000, 0x00000000fe400000| Untracked 
|  37|0x00000000fe500000, 0x00000000fe500000, 0x00000000fe600000|  0%| F|  |TAMS 0x00000000fe500000, 0x00000000fe500000| Untracked 
|  38|0x00000000fe600000, 0x00000000fe68e740, 0x00000000fe700000| 55%| S|CS|TAMS 0x00000000fe600000, 0x00000000fe600000| Complete 
|  39|0x00000000fe700000, 0x00000000fe800000, 0x00000000fe800000|100%| S|CS|TAMS 0x00000000fe700000, 0x00000000fe700000| Complete 
|  40|0x00000000fe800000, 0x00000000fe900000, 0x00000000fe900000|100%| S|CS|TAMS 0x00000000fe800000, 0x00000000fe800000| Complete 
|  41|0x00000000fe900000, 0x00000000fe900000, 0x00000000fea00000|  0%| F|  |TAMS 0x00000000fe900000, 0x00000000fe900000| Untracked 
|  42|0x00000000fea00000, 0x00000000fea00000, 0x00000000feb00000|  0%| F|  |TAMS 0x00000000fea00000, 0x00000000fea00000| Untracked 
|  43|0x00000000feb00000, 0x00000000feb00000, 0x00000000fec00000|  0%| F|  |TAMS 0x00000000feb00000, 0x00000000feb00000| Untracked 
|  44|0x00000000fec00000, 0x00000000fec00000, 0x00000000fed00000|  0%| F|  |TAMS 0x00000000fec00000, 0x00000000fec00000| Untracked 
|  45|0x00000000fed00000, 0x00000000fed00000, 0x00000000fee00000|  0%| F|  |TAMS 0x00000000fed00000, 0x00000000fed00000| Untracked 
|  46|0x00000000fee00000, 0x00000000fee00000, 0x00000000fef00000|  0%| F|  |TAMS 0x00000000fee00000, 0x00000000fee00000| Untracked 
|  47|0x00000000fef00000, 0x00000000fef00000, 0x00000000ff000000|  0%| F|  |TAMS 0x00000000fef00000, 0x00000000fef00000| Untracked 
|  48|0x00000000ff000000, 0x00000000ff000000, 0x00000000ff100000|  0%| F|  |TAMS 0x00000000ff000000, 0x00000000ff000000| Untracked 
|  49|0x00000000ff100000, 0x00000000ff100000, 0x00000000ff200000|  0%| F|  |TAMS 0x00000000ff100000, 0x00000000ff100000| Untracked 
|  50|0x00000000ff200000, 0x00000000ff200000, 0x00000000ff300000|  0%| F|  |TAMS 0x00000000ff200000, 0x00000000ff200000| Untracked 
|  51|0x00000000ff300000, 0x00000000ff300000, 0x00000000ff400000|  0%| F|  |TAMS 0x00000000ff300000, 0x00000000ff300000| Untracked 
|  52|0x00000000ff400000, 0x00000000ff400000, 0x00000000ff500000|  0%| F|  |TAMS 0x00000000ff400000, 0x00000000ff400000| Untracked 
|  53|0x00000000ff500000, 0x00000000ff500000, 0x00000000ff600000|  0%| F|  |TAMS 0x00000000ff500000, 0x00000000ff500000| Untracked 
|  54|0x00000000ff600000, 0x00000000ff600000, 0x00000000ff700000|  0%| F|  |TAMS 0x00000000ff600000, 0x00000000ff600000| Untracked 
|  55|0x00000000ff700000, 0x00000000ff700000, 0x00000000ff800000|  0%| F|  |TAMS 0x00000000ff700000, 0x00000000ff700000| Untracked 
|  56|0x00000000ff800000, 0x00000000ff800000, 0x00000000ff900000|  0%| F|  |TAMS 0x00000000ff800000, 0x00000000ff800000| Untracked 
|  57|0x00000000ff900000, 0x00000000ff900000, 0x00000000ffa00000|  0%| F|  |TAMS 0x00000000ff900000, 0x00000000ff900000| Untracked 
|  58|0x00000000ffa00000, 0x00000000ffa00000, 0x00000000ffb00000|  0%| F|  |TAMS 0x00000000ffa00000, 0x00000000ffa00000| Untracked 
|  59|0x00000000ffb00000, 0x00000000ffb00000, 0x00000000ffc00000|  0%| F|  |TAMS 0x00000000ffb00000, 0x00000000ffb00000| Untracked 
|  60|0x00000000ffc00000, 0x00000000ffc00000, 0x00000000ffd00000|  0%| F|  |TAMS 0x00000000ffc00000, 0x00000000ffc00000| Untracked 
|  61|0x00000000ffd00000, 0x00000000ffd80800, 0x00000000ffe00000| 50%| E|  |TAMS 0x00000000ffd00000, 0x00000000ffd00000| Complete 
|  62|0x00000000ffe00000, 0x00000000fff00000, 0x00000000fff00000|100%| E|CS|TAMS 0x00000000ffe00000, 0x00000000ffe00000| Complete 
|  63|0x00000000fff00000, 0x0000000100000000, 0x0000000100000000|100%| E|CS|TAMS 0x00000000fff00000, 0x00000000fff00000| Complete 

Card table byte_map: [0x000001cbc0060000,0x000001cbc0080000] _byte_map_base: 0x000001cbbf880000

Marking Bits (Prev, Next): (CMBitMap*) 0x000001cba63a2c40, (CMBitMap*) 0x000001cba63a2c80
 Prev Bits: [0x000001cbc00a0000, 0x000001cbc01a0000)
 Next Bits: [0x000001cbc01a0000, 0x000001cbc02a0000)

Polling page: 0x000001cba6440000

Metaspace:

Usage:
  Non-class:      8.74 MB used.
      Class:      1.29 MB used.
       Both:     10.02 MB used.

Virtual space:
  Non-class space:       64.00 MB reserved,       8.81 MB ( 14%) committed,  1 nodes.
      Class space:        1.00 GB reserved,       1.38 MB ( <1%) committed,  1 nodes.
             Both:        1.06 GB reserved,      10.19 MB ( <1%) committed. 

Chunk freelists:
   Non-Class:  6.56 MB
       Class:  14.57 MB
        Both:  21.14 MB

MaxMetaspaceSize: unlimited
CompressedClassSpaceSize: 1.00 GB
Initial GC threshold: 21.00 MB
Current GC threshold: 21.00 MB
CDS: on
MetaspaceReclaimPolicy: balanced
 - commit_granule_bytes: 65536.
 - commit_granule_words: 8192.
 - virtual_space_node_default_size: 8388608.
 - enlarge_chunks_in_place: 1.
 - new_chunks_are_fully_committed: 0.
 - uncommit_free_chunks: 1.
 - use_allocation_guard: 0.
 - handle_deallocations: 1.


Internal statistics:

num_allocs_failed_limit: 0.
num_arena_births: 100.
num_arena_deaths: 0.
num_vsnodes_births: 2.
num_vsnodes_deaths: 0.
num_space_committed: 163.
num_space_uncommitted: 0.
num_chunks_returned_to_freelist: 0.
num_chunks_taken_from_freelist: 370.
num_chunk_merges: 0.
num_chunk_splits: 245.
num_chunks_enlarged: 196.
num_inconsistent_stats: 0.

CodeHeap 'non-profiled nmethods': size=120000Kb used=793Kb max_used=793Kb free=119206Kb
 bounds [0x000001cbb84e0000, 0x000001cbb8750000, 0x000001cbbfa10000]
CodeHeap 'profiled nmethods': size=120000Kb used=3869Kb max_used=3869Kb free=116130Kb
 bounds [0x000001cbb0a10000, 0x000001cbb0de0000, 0x000001cbb7f40000]
CodeHeap 'non-nmethods': size=5760Kb used=1183Kb max_used=1207Kb free=4577Kb
 bounds [0x000001cbb7f40000, 0x000001cbb81b0000, 0x000001cbb84e0000]
 total_blobs=2429 nmethods=1943 adapters=399
 compilation: enabled
              stopped_count=0, restarted_count=0
 full_count=0

Compilation events (20 events):
Event: 291.605 Thread 0x000001cba6432f80 nmethod 1929 0x000001cbb0dcb490 code [0x000001cbb0dcb6c0, 0x000001cbb0dcc128]
Event: 291.613 Thread 0x000001cba6432f80 1930       3       org.gradle.internal.logging.text.AbstractLineChoppingStyledTextOutput$SeenFromEol::add (18 bytes)
Event: 291.613 Thread 0x000001cba6432f80 nmethod 1930 0x000001cbb0dcc490 code [0x000001cbb0dcc620, 0x000001cbb0dcc758]
Event: 291.616 Thread 0x000001cba6432f80 1931       3       java.util.ArrayList::clear (43 bytes)
Event: 291.616 Thread 0x000001cba6432f80 nmethod 1931 0x000001cbb0dcc810 code [0x000001cbb0dcc9c0, 0x000001cbb0dccd38]
Event: 291.767 Thread 0x000001cba6432f80 1932       3       org.gradle.internal.logging.sink.GroupingProgressLogEventGenerator$OperationGroup::<init> (59 bytes)
Event: 291.767 Thread 0x000001cba6432f80 nmethod 1932 0x000001cbb0dcce90 code [0x000001cbb0dcd080, 0x000001cbb0dcd818]
Event: 292.500 Thread 0x000001cba6432f80 1933       1       java.util.LinkedList::size (5 bytes)
Event: 292.500 Thread 0x000001cba6432f80 nmethod 1933 0x000001cbb85a5790 code [0x000001cbb85a5920, 0x000001cbb85a59f8]
Event: 292.510 Thread 0x000001cba6432f80 1934       3       java.lang.ref.ReferenceQueue::reallyPoll (65 bytes)
Event: 292.511 Thread 0x000001cba6432f80 nmethod 1934 0x000001cbb0dcda10 code [0x000001cbb0dcdbe0, 0x000001cbb0dce118]
Event: 292.512 Thread 0x000001cba6432f80 1935       3       java.lang.invoke.MethodType::changeReturnType (20 bytes)
Event: 292.513 Thread 0x000001cba6432f80 nmethod 1935 0x000001cbb0dce210 code [0x000001cbb0dce3c0, 0x000001cbb0dce588]
Event: 292.523 Thread 0x000001cba6432f80 1937       3       sun.invoke.util.VerifyAccess::isMemberAccessible (338 bytes)
Event: 292.526 Thread 0x000001cba6432f80 nmethod 1937 0x000001cbb0dce610 code [0x000001cbb0dce9a0, 0x000001cbb0dcfd48]
Event: 292.542 Thread 0x000001cba6432f80 1939       3       org.gradle.internal.logging.text.AbstractLineChoppingStyledTextOutput$1::execute (9 bytes)
Event: 292.542 Thread 0x000001cba6432f80 nmethod 1939 0x000001cbb0dd0290 code [0x000001cbb0dd0440, 0x000001cbb0dd0668]
Event: 292.542 Thread 0x000001cba6432f80 1940       3       org.gradle.internal.logging.text.AbstractLineChoppingStyledTextOutput$1::execute (140 bytes)
Event: 292.544 Thread 0x000001cba6432f80 nmethod 1940 0x000001cbb0dd0710 code [0x000001cbb0dd0a60, 0x000001cbb0dd1d78]
Event: 292.618 Thread 0x000001cba64324d0 1941       4       org.gradle.internal.logging.text.AbstractLineChoppingStyledTextOutput::doAppend (43 bytes)

GC Heap History (6 events):
Event: 3.564 GC heap before
{Heap before GC invocations=0 (full 0):
 garbage-first heap   total 65536K, used 13312K [0x00000000fc000000, 0x0000000100000000)
  region size 1024K, 13 young (13312K), 0 survivors (0K)
 Metaspace       used 1837K, committed 1984K, reserved 1114112K
  class space    used 166K, committed 192K, reserved 1048576K
}
Event: 3.765 GC heap after
{Heap after GC invocations=1 (full 0):
 garbage-first heap   total 65536K, used 2770K [0x00000000fc000000, 0x0000000100000000)
  region size 1024K, 2 young (2048K), 2 survivors (2048K)
 Metaspace       used 1837K, committed 1984K, reserved 1114112K
  class space    used 166K, committed 192K, reserved 1048576K
}
Event: 7.667 GC heap before
{Heap before GC invocations=1 (full 0):
 garbage-first heap   total 65536K, used 21202K [0x00000000fc000000, 0x0000000100000000)
  region size 1024K, 17 young (17408K), 2 survivors (2048K)
 Metaspace       used 4932K, committed 5120K, reserved 1114112K
  class space    used 652K, committed 768K, reserved 1048576K
}
Event: 7.674 GC heap after
{Heap after GC invocations=2 (full 0):
 garbage-first heap   total 65536K, used 11072K [0x00000000fc000000, 0x0000000100000000)
  region size 1024K, 3 young (3072K), 3 survivors (3072K)
 Metaspace       used 4932K, committed 5120K, reserved 1114112K
  class space    used 652K, committed 768K, reserved 1048576K
}
Event: 277.526 GC heap before
{Heap before GC invocations=2 (full 0):
 garbage-first heap   total 65536K, used 31552K [0x00000000fc000000, 0x0000000100000000)
  region size 1024K, 23 young (23552K), 3 survivors (3072K)
 Metaspace       used 10122K, committed 10304K, reserved 1114112K
  class space    used 1296K, committed 1408K, reserved 1048576K
}
Event: 277.606 GC heap after
{Heap after GC invocations=3 (full 0):
 garbage-first heap   total 65536K, used 13969K [0x00000000fc000000, 0x0000000100000000)
  region size 1024K, 3 young (3072K), 3 survivors (3072K)
 Metaspace       used 10122K, committed 10304K, reserved 1114112K
  class space    used 1296K, committed 1408K, reserved 1048576K
}

Dll operation events (12 events):
Event: 0.105 Loaded shared library C:\Program Files\OpenLogic\jdk-17.0.10.7-hotspot\bin\java.dll
Event: 0.514 Loaded shared library C:\Program Files\OpenLogic\jdk-17.0.10.7-hotspot\bin\jsvml.dll
Event: 0.930 Loaded shared library C:\Program Files\OpenLogic\jdk-17.0.10.7-hotspot\bin\net.dll
Event: 0.957 Loaded shared library C:\Program Files\OpenLogic\jdk-17.0.10.7-hotspot\bin\nio.dll
Event: 1.223 Loaded shared library C:\Program Files\OpenLogic\jdk-17.0.10.7-hotspot\bin\zip.dll
Event: 3.241 Loaded shared library C:\Program Files\OpenLogic\jdk-17.0.10.7-hotspot\bin\jimage.dll
Event: 4.115 Loaded shared library C:\Program Files\OpenLogic\jdk-17.0.10.7-hotspot\bin\verify.dll
Event: 6.977 Loaded shared library C:\Users\dell\.gradle\native\c067742578af261105cb4f569cf0c3c89f3d7b1fecec35dd04571415982c5e48\windows-amd64\native-platform.dll
Event: 8.277 Loaded shared library C:\Program Files\OpenLogic\jdk-17.0.10.7-hotspot\bin\management.dll
Event: 8.287 Loaded shared library C:\Program Files\OpenLogic\jdk-17.0.10.7-hotspot\bin\management_ext.dll
Event: 10.939 Loaded shared library C:\Program Files\OpenLogic\jdk-17.0.10.7-hotspot\bin\extnet.dll
Event: 27.938 Loaded shared library C:\Program Files\OpenLogic\jdk-17.0.10.7-hotspot\bin\sunmscapi.dll

Deoptimization events (20 events):
Event: 28.075 Thread 0x000001cba6383060 Uncommon trap: trap_request=0xffffff45 fr.pc=0x000001cbb858c788 relative=0x00000000000001e8
Event: 28.075 Thread 0x000001cba6383060 Uncommon trap: reason=unstable_if action=reinterpret pc=0x000001cbb858c788 method=java.util.HashMap.putVal(ILjava/lang/Object;Ljava/lang/Object;ZZ)Ljava/lang/Object; @ 162 c2
Event: 28.075 Thread 0x000001cba6383060 DEOPT PACKING pc=0x000001cbb858c788 sp=0x0000005be32fa8a0
Event: 28.076 Thread 0x000001cba6383060 DEOPT UNPACKING pc=0x000001cbb7f969a3 sp=0x0000005be32fa840 mode 2
Event: 292.482 Thread 0x000001cba6383060 Uncommon trap: trap_request=0xffffff45 fr.pc=0x000001cbb85a4f68 relative=0x00000000000004e8
Event: 292.482 Thread 0x000001cba6383060 Uncommon trap: reason=unstable_if action=reinterpret pc=0x000001cbb85a4f68 method=com.esotericsoftware.kryo.io.Input.require(I)I @ 180 c2
Event: 292.482 Thread 0x000001cba6383060 DEOPT PACKING pc=0x000001cbb85a4f68 sp=0x0000005be32fc990
Event: 292.482 Thread 0x000001cba6383060 DEOPT UNPACKING pc=0x000001cbb7f969a3 sp=0x0000005be32fc7f8 mode 2
Event: 292.527 Thread 0x000001cba6383060 Uncommon trap: trap_request=0xffffff45 fr.pc=0x000001cbb8575df4 relative=0x00000000000001d4
Event: 292.527 Thread 0x000001cba6383060 Uncommon trap: reason=unstable_if action=reinterpret pc=0x000001cbb8575df4 method=java.net.URI$Parser.scan(IILjava/lang/String;)I @ 26 c2
Event: 292.528 Thread 0x000001cba6383060 DEOPT PACKING pc=0x000001cbb8575df4 sp=0x0000005be32fc8a0
Event: 292.528 Thread 0x000001cba6383060 DEOPT UNPACKING pc=0x000001cbb7f969a3 sp=0x0000005be32fc830 mode 2
Event: 292.541 Thread 0x000001cc089e59a0 Uncommon trap: trap_request=0xffffff45 fr.pc=0x000001cbb85a1650 relative=0x0000000000000550
Event: 292.541 Thread 0x000001cc089e59a0 Uncommon trap: reason=unstable_if action=reinterpret pc=0x000001cbb85a1650 method=org.gradle.internal.logging.text.AbstractLineChoppingStyledTextOutput$2.execute(Lorg/gradle/internal/logging/text/AbstractLineChoppingStyledTextOutput$StateContext;)V @ 34 c
Event: 292.541 Thread 0x000001cc089e59a0 DEOPT PACKING pc=0x000001cbb85a1650 sp=0x0000005be48feb20
Event: 292.542 Thread 0x000001cc089e59a0 DEOPT UNPACKING pc=0x000001cbb7f969a3 sp=0x0000005be48fe9a8 mode 2
Event: 292.542 Thread 0x000001cc089e59a0 Uncommon trap: trap_request=0xffffff45 fr.pc=0x000001cbb85a0848 relative=0x0000000000000568
Event: 292.542 Thread 0x000001cc089e59a0 Uncommon trap: reason=unstable_if action=reinterpret pc=0x000001cbb85a0848 method=org.gradle.internal.logging.text.AbstractLineChoppingStyledTextOutput$2.execute(Lorg/gradle/internal/logging/text/AbstractLineChoppingStyledTextOutput$StateContext;)V @ 34 c
Event: 292.542 Thread 0x000001cc089e59a0 DEOPT PACKING pc=0x000001cbb85a0848 sp=0x0000005be48fea90
Event: 292.542 Thread 0x000001cc089e59a0 DEOPT UNPACKING pc=0x000001cbb7f969a3 sp=0x0000005be48fe990 mode 2

Classes unloaded (0 events):
No events

Classes redefined (0 events):
No events

Internal exceptions (20 events):
Event: 291.766 Thread 0x000001cc089e59a0 Exception <a 'java/io/IOException'{0x00000000ffeed350}> (0x00000000ffeed350) 
thrown [s\src\hotspot\share\prims\jni.cpp, line 516]
Event: 291.766 Thread 0x000001cc089e59a0 Exception <a 'java/io/IOException'{0x00000000ffeed908}> (0x00000000ffeed908) 
thrown [s\src\hotspot\share\prims\jni.cpp, line 516]
Event: 291.766 Thread 0x000001cc089e59a0 Exception <a 'java/io/IOException'{0x00000000ffeedcd8}> (0x00000000ffeedcd8) 
thrown [s\src\hotspot\share\prims\jni.cpp, line 516]
Event: 291.766 Thread 0x000001cc089e59a0 Exception <a 'java/io/IOException'{0x00000000ffeee290}> (0x00000000ffeee290) 
thrown [s\src\hotspot\share\prims\jni.cpp, line 516]
Event: 291.766 Thread 0x000001cc089e59a0 Exception <a 'java/io/IOException'{0x00000000ffeee650}> (0x00000000ffeee650) 
thrown [s\src\hotspot\share\prims\jni.cpp, line 516]
Event: 291.766 Thread 0x000001cc089e59a0 Exception <a 'java/io/IOException'{0x00000000ffeeec08}> (0x00000000ffeeec08) 
thrown [s\src\hotspot\share\prims\jni.cpp, line 516]
Event: 291.766 Thread 0x000001cc089e59a0 Exception <a 'java/io/IOException'{0x00000000ffeef5b8}> (0x00000000ffeef5b8) 
thrown [s\src\hotspot\share\prims\jni.cpp, line 516]
Event: 291.767 Thread 0x000001cc089e59a0 Exception <a 'java/io/IOException'{0x00000000ffeefb70}> (0x00000000ffeefb70) 
thrown [s\src\hotspot\share\prims\jni.cpp, line 516]
Event: 291.767 Thread 0x000001cc089e59a0 Exception <a 'java/io/IOException'{0x00000000ffeeff40}> (0x00000000ffeeff40) 
thrown [s\src\hotspot\share\prims\jni.cpp, line 516]
Event: 291.767 Thread 0x000001cc089e59a0 Exception <a 'java/io/IOException'{0x00000000ffef04f8}> (0x00000000ffef04f8) 
thrown [s\src\hotspot\share\prims\jni.cpp, line 516]
Event: 291.767 Thread 0x000001cc089e59a0 Exception <a 'java/io/IOException'{0x00000000ffef08b8}> (0x00000000ffef08b8) 
thrown [s\src\hotspot\share\prims\jni.cpp, line 516]
Event: 291.767 Thread 0x000001cc089e59a0 Exception <a 'java/io/IOException'{0x00000000ffef0e70}> (0x00000000ffef0e70) 
thrown [s\src\hotspot\share\prims\jni.cpp, line 516]
Event: 292.346 Thread 0x000001cc089e59a0 Exception <a 'java/io/IOException'{0x00000000ffef1a70}> (0x00000000ffef1a70) 
thrown [s\src\hotspot\share\prims\jni.cpp, line 516]
Event: 292.346 Thread 0x000001cc089e59a0 Exception <a 'java/io/IOException'{0x00000000ffef2028}> (0x00000000ffef2028) 
thrown [s\src\hotspot\share\prims\jni.cpp, line 516]
Event: 292.346 Thread 0x000001cc089e59a0 Exception <a 'java/io/IOException'{0x00000000ffef23f8}> (0x00000000ffef23f8) 
thrown [s\src\hotspot\share\prims\jni.cpp, line 516]
Event: 292.346 Thread 0x000001cc089e59a0 Exception <a 'java/io/IOException'{0x00000000ffef29b0}> (0x00000000ffef29b0) 
thrown [s\src\hotspot\share\prims\jni.cpp, line 516]
Event: 292.346 Thread 0x000001cc089e59a0 Exception <a 'java/io/IOException'{0x00000000ffef2d70}> (0x00000000ffef2d70) 
thrown [s\src\hotspot\share\prims\jni.cpp, line 516]
Event: 292.346 Thread 0x000001cc089e59a0 Exception <a 'java/io/IOException'{0x00000000ffef3328}> (0x00000000ffef3328) 
thrown [s\src\hotspot\share\prims\jni.cpp, line 516]
Event: 292.481 Thread 0x000001cba6383060 Exception <a 'sun/net/ConnectionResetException'{0x00000000fff63088}: Connection reset> (0x00000000fff63088) 
thrown [s\src\hotspot\share\prims\jni.cpp, line 535]
Event: 292.515 Thread 0x000001cba6383060 Exception <a 'java/lang/NoSuchMethodError'{0x00000000ffd02010}: 'int java.lang.invoke.DirectMethodHandle$Holder.invokeVirtual(java.lang.Object, java.lang.Object)'> (0x00000000ffd02010) 
thrown [s\src\hotspot\share\interpreter\linkResolver.cpp, line 759]

VM Operations (20 events):
Event: 265.102 Executing VM operation: Cleanup
Event: 265.102 Executing VM operation: Cleanup done
Event: 266.109 Executing VM operation: Cleanup
Event: 266.109 Executing VM operation: Cleanup done
Event: 276.167 Executing VM operation: Cleanup
Event: 276.167 Executing VM operation: Cleanup done
Event: 277.169 Executing VM operation: Cleanup
Event: 277.169 Executing VM operation: Cleanup done
Event: 277.526 Executing VM operation: G1CollectForAllocation
Event: 277.606 Executing VM operation: G1CollectForAllocation done
Event: 280.619 Executing VM operation: Cleanup
Event: 280.619 Executing VM operation: Cleanup done
Event: 285.655 Executing VM operation: Cleanup
Event: 285.656 Executing VM operation: Cleanup done
Event: 287.669 Executing VM operation: Cleanup
Event: 287.669 Executing VM operation: Cleanup done
Event: 288.683 Executing VM operation: Cleanup
Event: 288.683 Executing VM operation: Cleanup done
Event: 291.702 Executing VM operation: Cleanup
Event: 291.702 Executing VM operation: Cleanup done

Events (20 events):
Event: 122.548 loading class jdk/internal/logger/LoggerFinderLoader$TemporaryLoggerFinder done
Event: 122.548 loading class sun/util/logging/internal/LoggingProviderImpl$JULWrapper
Event: 122.549 loading class sun/util/logging/PlatformLogger$ConfigurableBridge$LoggerConfiguration
Event: 122.549 loading class sun/util/logging/PlatformLogger$ConfigurableBridge$LoggerConfiguration done
Event: 122.549 loading class sun/util/logging/internal/LoggingProviderImpl$JULWrapper done
Event: 122.549 loading class java/io/ObjectInputFilter
Event: 122.549 loading class java/io/ObjectInputFilter done
Event: 122.550 loading class java/io/ObjectInputFilter$Config$BuiltinFilterFactory
Event: 122.551 loading class java/io/ObjectInputFilter$Config$BuiltinFilterFactory done
Event: 122.551 loading class jdk/internal/access/JavaObjectInputFilterAccess
Event: 122.551 loading class jdk/internal/access/JavaObjectInputFilterAccess done
Event: 122.551 loading class java/lang/System$Logger$Level
Event: 122.552 loading class java/lang/System$Logger$Level done
Event: 122.552 loading class java/io/Bits
Event: 122.552 loading class java/io/Bits done
Event: 157.971 Thread 0x000001cc088c4d80 Thread exited: 0x000001cc088c4d80
Event: 292.480 loading class sun/net/ConnectionResetException
Event: 292.481 loading class sun/net/ConnectionResetException done
Event: 292.538 loading class java/util/concurrent/ConcurrentLinkedQueue$Itr
Event: 292.629 loading class java/util/concurrent/ConcurrentLinkedQueue$Itr done


Dynamic libraries:
0x00007ff7c1820000 - 0x00007ff7c182e000 	C:\Program Files\OpenLogic\jdk-17.0.10.7-hotspot\bin\java.exe
0x00007fff66870000 - 0x00007fff66a68000 	C:\Windows\SYSTEM32\ntdll.dll
0x00007fff66400000 - 0x00007fff664c1000 	C:\Windows\System32\KERNEL32.DLL
0x00007fff643a0000 - 0x00007fff6469d000 	C:\Windows\System32\KERNELBASE.dll
0x00007fff642a0000 - 0x00007fff643a0000 	C:\Windows\System32\ucrtbase.dll
0x00007fff31bc0000 - 0x00007fff31bd7000 	C:\Program Files\OpenLogic\jdk-17.0.10.7-hotspot\bin\jli.dll
0x00007fff65620000 - 0x00007fff657bd000 	C:\Windows\System32\USER32.dll
0x00007fff64140000 - 0x00007fff64162000 	C:\Windows\System32\win32u.dll
0x00007fff64c40000 - 0x00007fff64c6b000 	C:\Windows\System32\GDI32.dll
0x00007fff64780000 - 0x00007fff64897000 	C:\Windows\System32\gdi32full.dll
0x00007fff64170000 - 0x00007fff6420d000 	C:\Windows\System32\msvcp_win.dll
0x00007fff31b50000 - 0x00007fff31b6b000 	C:\Program Files\OpenLogic\jdk-17.0.10.7-hotspot\bin\VCRUNTIME140.dll
0x00007fff50b40000 - 0x00007fff50dda000 	C:\Windows\WinSxS\amd64_microsoft.windows.common-controls_6595b64144ccf1df_6.0.19041.4355_none_60b8b9eb71f62e16\COMCTL32.dll
0x00007fff64ba0000 - 0x00007fff64c3e000 	C:\Windows\System32\msvcrt.dll
0x00007fff655f0000 - 0x00007fff6561f000 	C:\Windows\System32\IMM32.DLL
0x00007fff31bb0000 - 0x00007fff31bbc000 	C:\Program Files\OpenLogic\jdk-17.0.10.7-hotspot\bin\vcruntime140_1.dll
0x00007fff23e20000 - 0x00007fff23ead000 	C:\Program Files\OpenLogic\jdk-17.0.10.7-hotspot\bin\msvcp140.dll
0x00007ffea3b50000 - 0x00007ffea47b2000 	C:\Program Files\OpenLogic\jdk-17.0.10.7-hotspot\bin\server\jvm.dll
0x00007fff65ab0000 - 0x00007fff65b60000 	C:\Windows\System32\ADVAPI32.dll
0x00007fff64e30000 - 0x00007fff64ed0000 	C:\Windows\System32\sechost.dll
0x00007fff65b60000 - 0x00007fff65c83000 	C:\Windows\System32\RPCRT4.dll
0x00007fff64750000 - 0x00007fff64777000 	C:\Windows\System32\bcrypt.dll
0x00007fff63d70000 - 0x00007fff63dbb000 	C:\Windows\SYSTEM32\POWRPROF.dll
0x00007fff46be0000 - 0x00007fff46be9000 	C:\Windows\SYSTEM32\WSOCK32.dll
0x00007fff64ed0000 - 0x00007fff64f3b000 	C:\Windows\System32\WS2_32.dll
0x00007fff40310000 - 0x00007fff40337000 	C:\Windows\SYSTEM32\WINMM.dll
0x00007fff5cf00000 - 0x00007fff5cf0a000 	C:\Windows\SYSTEM32\VERSION.dll
0x00007fff63d50000 - 0x00007fff63d62000 	C:\Windows\SYSTEM32\UMPDC.dll
0x00007fff626f0000 - 0x00007fff62702000 	C:\Windows\SYSTEM32\kernel.appcore.dll
0x00007fff31b40000 - 0x00007fff31b4a000 	C:\Program Files\OpenLogic\jdk-17.0.10.7-hotspot\bin\jimage.dll
0x00007fff61af0000 - 0x00007fff61cd4000 	C:\Windows\SYSTEM32\DBGHELP.DLL
0x00007fff401d0000 - 0x00007fff40204000 	C:\Windows\SYSTEM32\dbgcore.DLL
0x00007fff64210000 - 0x00007fff64292000 	C:\Windows\System32\bcryptPrimitives.dll
0x00007fff23c70000 - 0x00007fff23c95000 	C:\Program Files\OpenLogic\jdk-17.0.10.7-hotspot\bin\java.dll
0x00007fff23b90000 - 0x00007fff23c66000 	C:\Program Files\OpenLogic\jdk-17.0.10.7-hotspot\bin\jsvml.dll
0x00007fff65c90000 - 0x00007fff663ff000 	C:\Windows\System32\SHELL32.dll
0x00007fff61f40000 - 0x00007fff626df000 	C:\Windows\SYSTEM32\windows.storage.dll
0x00007fff664d0000 - 0x00007fff66823000 	C:\Windows\System32\combase.dll
0x00007fff63790000 - 0x00007fff637be000 	C:\Windows\SYSTEM32\Wldp.dll
0x00007fff64c70000 - 0x00007fff64d3d000 	C:\Windows\System32\OLEAUT32.dll
0x00007fff65a00000 - 0x00007fff65aad000 	C:\Windows\System32\SHCORE.dll
0x00007fff65880000 - 0x00007fff658d5000 	C:\Windows\System32\shlwapi.dll
0x00007fff63e50000 - 0x00007fff63e74000 	C:\Windows\SYSTEM32\profapi.dll
0x00007fff31b20000 - 0x00007fff31b39000 	C:\Program Files\OpenLogic\jdk-17.0.10.7-hotspot\bin\net.dll
0x00007fff59a20000 - 0x00007fff59b2d000 	C:\Windows\SYSTEM32\WINHTTP.dll
0x00007fff63570000 - 0x00007fff635da000 	C:\Windows\system32\mswsock.dll
0x00007fff23e00000 - 0x00007fff23e16000 	C:\Program Files\OpenLogic\jdk-17.0.10.7-hotspot\bin\nio.dll
0x00007fff23b70000 - 0x00007fff23b88000 	C:\Program Files\OpenLogic\jdk-17.0.10.7-hotspot\bin\zip.dll
0x00007fff31ae0000 - 0x00007fff31af0000 	C:\Program Files\OpenLogic\jdk-17.0.10.7-hotspot\bin\verify.dll
0x00007fff23b40000 - 0x00007fff23b67000 	C:\Users\dell\.gradle\native\c067742578af261105cb4f569cf0c3c89f3d7b1fecec35dd04571415982c5e48\windows-amd64\native-platform.dll
0x00007fff23dc0000 - 0x00007fff23dc9000 	C:\Program Files\OpenLogic\jdk-17.0.10.7-hotspot\bin\management.dll
0x00007fff23b30000 - 0x00007fff23b3b000 	C:\Program Files\OpenLogic\jdk-17.0.10.7-hotspot\bin\management_ext.dll
0x00007fff649d0000 - 0x00007fff649d8000 	C:\Windows\System32\PSAPI.DLL
0x00007fff63b00000 - 0x00007fff63b18000 	C:\Windows\SYSTEM32\CRYPTSP.dll
0x00007fff62eb0000 - 0x00007fff62ee4000 	C:\Windows\system32\rsaenh.dll
0x00007fff63e00000 - 0x00007fff63e2e000 	C:\Windows\SYSTEM32\USERENV.dll
0x00007fff63700000 - 0x00007fff6370c000 	C:\Windows\SYSTEM32\CRYPTBASE.dll
0x00007fff63270000 - 0x00007fff632ab000 	C:\Windows\SYSTEM32\IPHLPAPI.DLL
0x00007fff64b70000 - 0x00007fff64b78000 	C:\Windows\System32\NSI.dll
0x00007fff5bad0000 - 0x00007fff5bae7000 	C:\Windows\SYSTEM32\dhcpcsvc6.DLL
0x00007fff5ba90000 - 0x00007fff5baad000 	C:\Windows\SYSTEM32\dhcpcsvc.DLL
0x00007fff632b0000 - 0x00007fff6337a000 	C:\Windows\SYSTEM32\DNSAPI.dll
0x00007fff239d0000 - 0x00007fff239d8000 	C:\Program Files\OpenLogic\jdk-17.0.10.7-hotspot\bin\extnet.dll
0x00007fff239b0000 - 0x00007fff239be000 	C:\Program Files\OpenLogic\jdk-17.0.10.7-hotspot\bin\sunmscapi.dll
0x00007fff63fe0000 - 0x00007fff6413e000 	C:\Windows\System32\CRYPT32.dll
0x00007fff63800000 - 0x00007fff63829000 	C:\Windows\SYSTEM32\ncrypt.dll
0x00007fff637c0000 - 0x00007fff637fb000 	C:\Windows\SYSTEM32\NTASN1.dll
0x00007fff268b0000 - 0x00007fff268b7000 	C:\Windows\system32\wshunix.dll

dbghelp: loaded successfully - version: 4.0.5 - missing functions: none
symbol engine: initialized successfully - sym options: 0x614 - pdb path: .;C:\Program Files\OpenLogic\jdk-17.0.10.7-hotspot\bin;C:\Windows\SYSTEM32;C:\Windows\WinSxS\amd64_microsoft.windows.common-controls_6595b64144ccf1df_6.0.19041.4355_none_60b8b9eb71f62e16;C:\Program Files\OpenLogic\jdk-17.0.10.7-hotspot\bin\server;C:\Users\dell\.gradle\native\c067742578af261105cb4f569cf0c3c89f3d7b1fecec35dd04571415982c5e48\windows-amd64

VM Arguments:
jvm_args: -Xmx64m -Xms64m -Dorg.gradle.appname=gradlew 
java_command: org.gradle.wrapper.GradleWrapperMain app:installDebug -PreactNativeDevServerPort=8081
java_class_path (initial): E:\FinalYearProject\BreastCancerDetection\android\\gradle\wrapper\gradle-wrapper.jar
Launcher Type: SUN_STANDARD

[Global flags]
     intx CICompilerCount                          = 3                                         {product} {ergonomic}
     uint ConcGCThreads                            = 1                                         {product} {ergonomic}
     uint G1ConcRefinementThreads                  = 4                                         {product} {ergonomic}
   size_t G1HeapRegionSize                         = 1048576                                   {product} {ergonomic}
    uintx GCDrainStackTargetSize                   = 64                                        {product} {ergonomic}
   size_t InitialHeapSize                          = 67108864                                  {product} {command line}
   size_t MarkStackSize                            = 4194304                                   {product} {ergonomic}
   size_t MaxHeapSize                              = 67108864                                  {product} {command line}
   size_t MaxNewSize                               = 39845888                                  {product} {ergonomic}
   size_t MinHeapDeltaBytes                        = 1048576                                   {product} {ergonomic}
   size_t MinHeapSize                              = 67108864                                  {product} {command line}
    uintx NonNMethodCodeHeapSize                   = 5832780                                {pd product} {ergonomic}
    uintx NonProfiledCodeHeapSize                  = 122912730                              {pd product} {ergonomic}
    uintx ProfiledCodeHeapSize                     = 122912730                              {pd product} {ergonomic}
    uintx ReservedCodeCacheSize                    = 251658240                              {pd product} {ergonomic}
     bool SegmentedCodeCache                       = true                                      {product} {ergonomic}
   size_t SoftMaxHeapSize                          = 67108864                               {manageable} {ergonomic}
     bool UseCompressedClassPointers               = true                           {product lp64_product} {ergonomic}
     bool UseCompressedOops                        = true                           {product lp64_product} {ergonomic}
     bool UseG1GC                                  = true                                      {product} {ergonomic}
     bool UseLargePagesIndividualAllocation        = false                                  {pd product} {ergonomic}

Logging:
Log output configuration:
 #0: stdout all=warning uptime,level,tags
 #1: stderr all=off uptime,level,tags

Environment Variables:
JAVA_HOME=C:\Program Files\OpenLogic\jdk-17.0.10.7-hotspot
CLASSPATH=E:\FinalYearProject\BreastCancerDetection\android\\gradle\wrapper\gradle-wrapper.jar
PATH=E:\FinalYearProject\BreastCancerDetection\node_modules\.bin;E:\FinalYearProject\BreastCancerDetection\node_modules\.bin;E:\FinalYearProject\node_modules\.bin;E:\node_modules\.bin;C:\Users\dell\AppData\Roaming\npm\node_modules\npm\node_modules\@npmcli\run-script\lib\node-gyp-bin;E:\FinalYearProject\BreastCancerDetection\node_modules\.bin;E:\FinalYearProject\node_modules\.bin;E:\node_modules\.bin;C:\Users\dell\AppData\Roaming\npm\node_modules\npm\node_modules\@npmcli\run-script\lib\node-gyp-bin;C:\Program Files\OpenLogic\jdk-17.0.10.7-hotspot\bin;C:\Program Files\Eclipse Adoptium\jdk-11.0.21.9-hotspot\bin;C:\Program Files\Microsoft\jdk-17.0.10.7-hotspot\bin;C:\Program Files\Common Files\Oracle\Java\javapath;C:\Program Files (x86)\Common Files\Intel\Shared Files\fortran\bin\Intel64;C:\Program Files (x86)\Common Files\Intel\Shared Libraries\redist\intel64_win\mpirt;C:\Program Files (x86)\Common Files\Intel\Shared Libraries\redist\intel64_win\compiler;C:\Windows\system32;C:\Windows;C:\Windows\System32\Wbem;C:\Windows\System32\WindowsPowerShell\v1.0\;C:\Windows\System32\OpenSSH\;C:\Program Files\Microsoft SQL Server\110\Tools\Binn\;E:\Matlab1\runtime\win64;E:\Matlab1\bin;E:\Matlab1\polyspace\bin;C:\Program Files\dotnet\;C:\Users\dell\AppData\Roaming\nvm;C:\Program Files\nodejs;C:\Program Files\Git\cmd;C:\ProgramData\chocolatey\bin;C:\Users\dell\AppData\Local\Android\Sdk\platform-tools;C:\Users\dell\AppData\Local\Android\Sdk\platform-tools;C:\Program Files\OpenLogic\jdk-11.0.22.7-hotspot;C:\Program Files\OpenLogic\jdk-11.0.22.7-hotspot\bin;C:\Users\dell\AppData\Local\Android\Sdk\platform-tools;C:\Program Files\OpenLogic\jdk-11.0.22.7-hotspot;C:\Program Files\nodejs\;C:\Users\dell\AppData\Local\Programs\Python\Python312\Scripts\;C:\Users\dell\AppData\Local\Programs\Python\Python312\;C:\Users\dell\AppData\Local\Android\Sdk\tools;C:\Users\dell\AppData\Local\jdk-11.0.2\bin;C:\Users\dell\AppData\Local\Microsoft\WindowsApps;D:\VS Code\Microsoft VS Code\bin;C:\Users\dell\AppDat
USERNAME=dell
LANG=en_US.UTF-8
OS=Windows_NT
PROCESSOR_IDENTIFIER=Intel64 Family 6 Model 142 Stepping 9, GenuineIntel
TMP=C:\Users\dell\AppData\Local\Temp
TEMP=C:\Users\dell\AppData\Local\Temp



Periodic native trim disabled


---------------  S Y S T E M  ---------------

OS:
 Windows 10 , 64 bit Build 19041 (10.0.19041.4717)
OS uptime: 0 days 8:22 hours
Hyper-V role detected

CPU: total 4 (initial active 4) (2 cores per cpu, 2 threads per core) family 6 model 142 stepping 9 microcode 0xca, cx8, cmov, fxsr, ht, mmx, 3dnowpref, sse, sse2, sse3, ssse3, sse4.1, sse4.2, popcnt, lzcnt, tsc, tscinvbit, avx, avx2, aes, erms, clmul, bmi1, bmi2, adx, fma, vzeroupper, clflush, clflushopt, hv
Processor Information for all 4 processors :
  Max Mhz: 2701, Current Mhz: 2701, Mhz Limit: 2701

Memory: 4k page, system-wide physical 7812M (99M free)
TotalPageFile size 15773M (AvailPageFile size 0M)
current process WorkingSet (physical memory assigned to process): 59M, peak: 89M
current process commit charge ("private bytes"): 157M, peak: 159M

vm_info: OpenJDK 64-Bit Server VM (17.0.10+7-adhoc..jdk17u) for windows-amd64 JRE (17.0.10+7-adhoc..jdk17u), built on Jan 24 2024 08:51:31 by "" with MS VC++ 16.10 / 16.11 (VS2019)

END.
