#
# There is insufficient memory for the Java Runtime Environment to continue.
# Native memory allocation (mmap) failed to map 400556032 bytes for G1 virtual space
# Possible reasons:
#   The system is out of physical RAM or swap space
#   The process is running with CompressedOops enabled, and the Java Heap may be blocking the growth of the native heap
# Possible solutions:
#   Reduce memory load on the system
#   Increase physical memory or swap space
#   Check if swap backing store is full
#   Decrease Java heap size (-Xmx/-Xms)
#   Decrease number of Java threads
#   Decrease Java thread stack sizes (-Xss)
#   Set larger code cache with -XX:ReservedCodeCacheSize=
#   JVM is running with Unscaled Compressed Oops mode in which the Java heap is
#     placed in the first 4GB address space. The Java Heap base address is the
#     maximum limit for the native heap growth. Please use -XX:HeapBaseMinAddress
#     to set the Java Heap base and to place the Java Heap above 4GB virtual address.
# This output file may be truncated or incomplete.
#
#  Out of Memory Error (os_windows.cpp:3613), pid=8420, tid=6460
#
# JRE version: OpenJDK Runtime Environment OpenLogic-OpenJDK (17.0.10+7) (build 17.0.10+7-adhoc..jdk17u)
# Java VM: OpenJDK 64-Bit Server VM OpenLogic-OpenJDK (17.0.10+7-adhoc..jdk17u, mixed mode, sharing, tiered, compressed oops, compressed class ptrs, g1 gc, windows-amd64)
# No core dump will be written. Minidumps are not enabled by default on client versions of Windows
#

---------------  S U M M A R Y ------------

Command Line: -XX:MaxMetaspaceSize=512m --add-opens=java.base/java.util=ALL-UNNAMED --add-opens=java.base/java.lang=ALL-UNNAMED --add-opens=java.base/java.lang.invoke=ALL-UNNAMED --add-opens=java.prefs/java.util.prefs=ALL-UNNAMED --add-opens=java.base/java.nio.charset=ALL-UNNAMED --add-opens=java.base/java.net=ALL-UNNAMED --add-opens=java.base/java.util.concurrent.atomic=ALL-UNNAMED -Xmx2048m -Dfile.encoding=windows-1252 -Duser.country=US -Duser.language=en -Duser.variant -javaagent:C:\Users\dell\.gradle\wrapper\dists\gradle-8.6-all\3mbtmo166bl6vumsh5k2lkq5h\gradle-8.6\lib\agents\gradle-instrumentation-agent-8.6.jar org.gradle.launcher.daemon.bootstrap.GradleDaemon 8.6

Host: Intel(R) Core(TM) i5-7200U CPU @ 2.50GHz, 4 cores, 7G,  Windows 10 , 64 bit Build 19041 (10.0.19041.4717)
Time: Sun Aug  4 20:08:36 2024 Pakistan Standard Time elapsed time: 239.279419 seconds (0d 0h 3m 59s)

---------------  T H R E A D  ---------------

Current thread (0x000001f03f109240):  VMThread "VM Thread" [stack: 0x0000000f17000000,0x0000000f17100000] [id=6460]

Stack: [0x0000000f17000000,0x0000000f17100000]
Native frames: (J=compiled Java code, j=interpreted, Vv=VM code, C=native code)
V  [jvm.dll+0x67d6e9]
V  [jvm.dll+0x834dca]
V  [jvm.dll+0x83688e]
V  [jvm.dll+0x836ef3]
V  [jvm.dll+0x247bdf]
V  [jvm.dll+0x67a529]
V  [jvm.dll+0x66ef9a]
V  [jvm.dll+0x307a6b]
V  [jvm.dll+0x30ef16]
V  [jvm.dll+0x35ec3e]
V  [jvm.dll+0x35ee6f]
V  [jvm.dll+0x2de668]
V  [jvm.dll+0x2dc844]
V  [jvm.dll+0x2dbe4c]
V  [jvm.dll+0x31feeb]
V  [jvm.dll+0x83b3eb]
V  [jvm.dll+0x83c131]
V  [jvm.dll+0x83c64d]
V  [jvm.dll+0x83ca24]
V  [jvm.dll+0x83caf0]
V  [jvm.dll+0x7e42aa]
V  [jvm.dll+0x67c5d5]
C  [ucrtbase.dll+0x21bb2]
C  [KERNEL32.DLL+0x17374]
C  [ntdll.dll+0x4cc91]

VM_Operation (0x0000000f182fea80): G1CollectForAllocation, mode: safepoint, requested by thread 0x000001f05f260030


---------------  P R O C E S S  ---------------

Threads class SMR info:
_java_thread_list=0x000001f069a09910, length=76, elements={
0x000001f0201d0fb0, 0x000001f03f1112d0, 0x000001f03f112150, 0x000001f03f12af10,
0x000001f03f12bd90, 0x000001f03f12fc70, 0x000001f03f130630, 0x000001f03f1313d0,
0x000001f03f131e80, 0x000001f03f19e390, 0x000001f03f0fac90, 0x000001f03f3f4720,
0x000001f05ffaf120, 0x000001f05f794310, 0x000001f05f260030, 0x000001f0605096c0,
0x000001f060509bd0, 0x000001f06050a0e0, 0x000001f060507350, 0x000001f060507d70,
0x000001f060cb3be0, 0x000001f060cb91f0, 0x000001f060cb6e80, 0x000001f060cb4600,
0x000001f060cb5020, 0x000001f060cb5f50, 0x000001f063084c20, 0x000001f063c89d30,
0x000001f063c8c5b0, 0x000001f063c8d4e0, 0x000001f063c8bb90, 0x000001f063c8b680,
0x000001f063c888f0, 0x000001f063c88e00, 0x000001f063c87ed0, 0x000001f063c8e920,
0x000001f063c8df00, 0x000001f063c8c0a0, 0x000001f063c89820, 0x000001f063c89310,
0x000001f063c8cac0, 0x000001f063c883e0, 0x000001f063c8ee30, 0x000001f063c8e410,
0x000001f063c8a750, 0x000001f063c879c0, 0x000001f063c8f340, 0x000001f063c8ac60,
0x000001f063c8b170, 0x000001f060cb7db0, 0x000001f060cb4b10, 0x000001f060cb6970,
0x000001f060cb40f0, 0x000001f060cb9c10, 0x000001f060cba120, 0x000001f060cb78a0,
0x000001f060cb82c0, 0x000001f060cba630, 0x000001f060cb36d0, 0x000001f060cb5530,
0x000001f060cb5a40, 0x000001f060cbb050, 0x000001f060cb8ce0, 0x000001f063077ed0,
0x000001f063079310, 0x000001f06307bb90, 0x000001f0630783e0, 0x000001f06307c0a0,
0x000001f063078e00, 0x000001f0630788f0, 0x000001f06307cac0, 0x000001f063079820,
0x000001f06307d4e0, 0x000001f06307cfd0, 0x000001f06307b680, 0x000001f06307d9f0
}

Java Threads: ( => current thread )
  0x000001f0201d0fb0 JavaThread "main" [_thread_blocked, id=9192, stack(0x0000000f16a00000,0x0000000f16b00000)]
  0x000001f03f1112d0 JavaThread "Reference Handler" daemon [_thread_blocked, id=10280, stack(0x0000000f17100000,0x0000000f17200000)]
  0x000001f03f112150 JavaThread "Finalizer" daemon [_thread_blocked, id=9604, stack(0x0000000f17200000,0x0000000f17300000)]
  0x000001f03f12af10 JavaThread "Signal Dispatcher" daemon [_thread_blocked, id=8088, stack(0x0000000f17300000,0x0000000f17400000)]
  0x000001f03f12bd90 JavaThread "Attach Listener" daemon [_thread_blocked, id=3872, stack(0x0000000f17400000,0x0000000f17500000)]
  0x000001f03f12fc70 JavaThread "Service Thread" daemon [_thread_blocked, id=10996, stack(0x0000000f17500000,0x0000000f17600000)]
  0x000001f03f130630 JavaThread "Monitor Deflation Thread" daemon [_thread_blocked, id=9832, stack(0x0000000f17600000,0x0000000f17700000)]
  0x000001f03f1313d0 JavaThread "C2 CompilerThread0" daemon [_thread_in_native, id=3296, stack(0x0000000f17700000,0x0000000f17800000)]
  0x000001f03f131e80 JavaThread "C1 CompilerThread0" daemon [_thread_blocked, id=7472, stack(0x0000000f17800000,0x0000000f17900000)]
  0x000001f03f19e390 JavaThread "Sweeper thread" daemon [_thread_blocked, id=5056, stack(0x0000000f17900000,0x0000000f17a00000)]
  0x000001f03f0fac90 JavaThread "Common-Cleaner" daemon [_thread_blocked, id=13076, stack(0x0000000f17a00000,0x0000000f17b00000)]
  0x000001f03f3f4720 JavaThread "Notification Thread" daemon [_thread_blocked, id=6864, stack(0x0000000f17b00000,0x0000000f17c00000)]
  0x000001f05ffaf120 JavaThread "Daemon health stats" [_thread_blocked, id=11660, stack(0x0000000f17d00000,0x0000000f17e00000)]
  0x000001f05f794310 JavaThread "Incoming local TCP Connector on port 53671" [_thread_in_native, id=5488, stack(0x0000000f18100000,0x0000000f18200000)]
  0x000001f05f260030 JavaThread "Daemon periodic checks" [_thread_blocked, id=6308, stack(0x0000000f18200000,0x0000000f18300000)]
  0x000001f0605096c0 JavaThread "Cache worker for journal cache (C:\Users\dell\.gradle\caches\journal-1)" [_thread_blocked, id=7556, stack(0x0000000f18a00000,0x0000000f18b00000)]
  0x000001f060509bd0 JavaThread "File lock request listener" [_thread_in_native, id=12996, stack(0x0000000f18b00000,0x0000000f18c00000)]
  0x000001f06050a0e0 JavaThread "Cache worker for file hash cache (C:\Users\dell\.gradle\caches\8.6\fileHashes)" [_thread_blocked, id=13764, stack(0x0000000f18c00000,0x0000000f18d00000)]
  0x000001f060507350 JavaThread "File watcher server" daemon [_thread_blocked, id=14068, stack(0x0000000f18d00000,0x0000000f18e00000)]
  0x000001f060507d70 JavaThread "File watcher consumer" daemon [_thread_blocked, id=12564, stack(0x0000000f18e00000,0x0000000f18f00000)]
  0x000001f060cb3be0 JavaThread "Cache worker for file content cache (C:\Users\dell\.gradle\caches\8.6\fileContent)" [_thread_blocked, id=9724, stack(0x0000000f19300000,0x0000000f19400000)]
  0x000001f060cb91f0 JavaThread "jar transforms" [_thread_blocked, id=9752, stack(0x0000000f19400000,0x0000000f19500000)]
  0x000001f060cb6e80 JavaThread "jar transforms Thread 2" [_thread_blocked, id=4552, stack(0x0000000f19500000,0x0000000f19600000)]
  0x000001f060cb4600 JavaThread "jar transforms Thread 3" [_thread_blocked, id=9632, stack(0x0000000f19600000,0x0000000f19700000)]
  0x000001f060cb5020 JavaThread "jar transforms Thread 4" [_thread_blocked, id=13864, stack(0x0000000f19700000,0x0000000f19800000)]
  0x000001f060cb5f50 JavaThread "Memory manager" [_thread_blocked, id=2972, stack(0x0000000f1a400000,0x0000000f1a500000)]
  0x000001f063084c20 JavaThread "ForkJoinPool.commonPool-worker-2" daemon [_thread_blocked, id=10768, stack(0x0000000f1a700000,0x0000000f1a800000)]
  0x000001f063c89d30 JavaThread "pool-3-thread-1" [_thread_blocked, id=12124, stack(0x0000000f1c200000,0x0000000f1c300000)]
  0x000001f063c8c5b0 JavaThread "Daemon Thread 2" [_thread_blocked, id=13816, stack(0x0000000f16800000,0x0000000f16900000)]
  0x000001f063c8d4e0 JavaThread "Handler for socket connection from /127.0.0.1:53671 to /127.0.0.1:53705" [_thread_in_native, id=2200, stack(0x0000000f16900000,0x0000000f16a00000)]
  0x000001f063c8bb90 JavaThread "Cancel handler" [_thread_blocked, id=13368, stack(0x0000000f18300000,0x0000000f18400000)]
  0x000001f063c8b680 JavaThread "Daemon worker Thread 2" [_thread_blocked, id=7104, stack(0x0000000f18400000,0x0000000f18500000)]
  0x000001f063c888f0 JavaThread "Asynchronous log dispatcher for DefaultDaemonConnection: socket connection from /127.0.0.1:53671 to /127.0.0.1:53705" [_thread_blocked, id=13364, stack(0x0000000f18500000,0x0000000f18600000)]
  0x000001f063c88e00 JavaThread "Stdin handler" [_thread_blocked, id=12620, stack(0x0000000f18600000,0x0000000f18700000)]
  0x000001f063c87ed0 JavaThread "Daemon client event forwarder" [_thread_blocked, id=7144, stack(0x0000000f18700000,0x0000000f18800000)]
  0x000001f063c8e920 JavaThread "Cache worker for checksums cache (E:\FinalYearProject\BreastCancerDetection\android\.gradle\8.6\checksums)" [_thread_blocked, id=13884, stack(0x0000000f18800000,0x0000000f18900000)]
  0x000001f063c8df00 JavaThread "Cache worker for file hash cache (E:\FinalYearProject\BreastCancerDetection\android\.gradle\8.6\fileHashes)" [_thread_blocked, id=3036, stack(0x0000000f18900000,0x0000000f18a00000)]
  0x000001f063c8c0a0 JavaThread "Cache worker for cache directory md-supplier (C:\Users\dell\.gradle\caches\8.6\md-supplier)" [_thread_blocked, id=392, stack(0x0000000f18f00000,0x0000000f19000000)]
  0x000001f063c89820 JavaThread "Cache worker for cache directory md-rule (C:\Users\dell\.gradle\caches\8.6\md-rule)" [_thread_blocked, id=4636, stack(0x0000000f19000000,0x0000000f19100000)]
  0x000001f063c89310 JavaThread "Exec process Thread 4" [_thread_blocked, id=4084, stack(0x0000000f19100000,0x0000000f19200000)]
  0x000001f063c8cac0 JavaThread "Exec process Thread 5" [_thread_blocked, id=3212, stack(0x0000000f19200000,0x0000000f19300000)]
  0x000001f063c883e0 JavaThread "Exec process Thread 6" [_thread_blocked, id=2796, stack(0x0000000f19800000,0x0000000f19900000)]
  0x000001f063c8ee30 JavaThread "Unconstrained build operations" [_thread_blocked, id=8384, stack(0x0000000f19900000,0x0000000f19a00000)]
  0x000001f063c8e410 JavaThread "Unconstrained build operations Thread 2" [_thread_blocked, id=3280, stack(0x0000000f19a00000,0x0000000f19b00000)]
  0x000001f063c8a750 JavaThread "Cache worker for Build Output Cleanup Cache (E:\FinalYearProject\BreastCancerDetection\node_modules\@react-native\gradle-plugin\.gradle\buildOutputCleanup)" [_thread_blocked, id=11524, stack(0x0000000f19b00000,0x0000000f19c00000)]
  0x000001f063c879c0 JavaThread "Unconstrained build operations Thread 3" [_thread_blocked, id=9772, stack(0x0000000f19c00000,0x0000000f19d00000)]
  0x000001f063c8f340 JavaThread "Unconstrained build operations Thread 4" [_thread_blocked, id=7680, stack(0x0000000f19d00000,0x0000000f19e00000)]
  0x000001f063c8ac60 JavaThread "Unconstrained build operations Thread 5" [_thread_blocked, id=13876, stack(0x0000000f19e00000,0x0000000f19f00000)]
  0x000001f063c8b170 JavaThread "build event listener" [_thread_blocked, id=10952, stack(0x0000000f19f00000,0x0000000f1a000000)]
  0x000001f060cb7db0 JavaThread "Cache worker for Build Output Cleanup Cache (E:\FinalYearProject\BreastCancerDetection\android\.gradle\buildOutputCleanup)" [_thread_blocked, id=10384, stack(0x0000000f1a000000,0x0000000f1a100000)]
  0x000001f060cb4b10 JavaThread "ForkJoinPool.commonPool-worker-4" daemon [_thread_blocked, id=1156, stack(0x0000000f1a100000,0x0000000f1a200000)]
  0x000001f060cb6970 JavaThread "ForkJoinPool.commonPool-worker-5" daemon [_thread_blocked, id=10184, stack(0x0000000f1a200000,0x0000000f1a300000)]
  0x000001f060cb40f0 JavaThread "included builds" [_thread_blocked, id=12476, stack(0x0000000f1a300000,0x0000000f1a400000)]
  0x000001f060cb9c10 JavaThread "Execution worker" [_thread_blocked, id=11008, stack(0x0000000f1a500000,0x0000000f1a600000)]
  0x000001f060cba120 JavaThread "Execution worker Thread 2" [_thread_blocked, id=1220, stack(0x0000000f1a600000,0x0000000f1a700000)]
  0x000001f060cb78a0 JavaThread "Execution worker Thread 3" [_thread_blocked, id=9964, stack(0x0000000f1a800000,0x0000000f1a900000)]
  0x000001f060cb82c0 JavaThread "Cache worker for execution history cache (E:\FinalYearProject\BreastCancerDetection\node_modules\@react-native\gradle-plugin\.gradle\8.6\executionHistory)" [_thread_blocked, id=6268, stack(0x0000000f1a900000,0x0000000f1aa00000)]
  0x000001f060cba630 JavaThread "Unconstrained build operations Thread 6" [_thread_blocked, id=12052, stack(0x0000000f1aa00000,0x0000000f1ab00000)]
  0x000001f060cb36d0 JavaThread "Unconstrained build operations Thread 7" [_thread_blocked, id=5628, stack(0x0000000f1ab00000,0x0000000f1ac00000)]
  0x000001f060cb5530 JavaThread "Unconstrained build operations Thread 8" [_thread_blocked, id=6240, stack(0x0000000f1ac00000,0x0000000f1ad00000)]
  0x000001f060cb5a40 JavaThread "Unconstrained build operations Thread 9" [_thread_blocked, id=13392, stack(0x0000000f1ad00000,0x0000000f1ae00000)]
  0x000001f060cbb050 JavaThread "Unconstrained build operations Thread 10" [_thread_blocked, id=13920, stack(0x0000000f1ae00000,0x0000000f1af00000)]
  0x000001f060cb8ce0 JavaThread "Unconstrained build operations Thread 11" [_thread_blocked, id=3236, stack(0x0000000f1af00000,0x0000000f1b000000)]
  0x000001f063077ed0 JavaThread "Unconstrained build operations Thread 12" [_thread_blocked, id=2792, stack(0x0000000f1b000000,0x0000000f1b100000)]
  0x000001f063079310 JavaThread "Unconstrained build operations Thread 13" [_thread_blocked, id=8724, stack(0x0000000f1b100000,0x0000000f1b200000)]
  0x000001f06307bb90 JavaThread "build event listener" [_thread_blocked, id=1284, stack(0x0000000f1b200000,0x0000000f1b300000)]
  0x000001f0630783e0 JavaThread "Unconstrained build operations Thread 14" [_thread_blocked, id=6564, stack(0x0000000f1b300000,0x0000000f1b400000)]
  0x000001f06307c0a0 JavaThread "Unconstrained build operations Thread 15" [_thread_blocked, id=12220, stack(0x0000000f1b400000,0x0000000f1b500000)]
  0x000001f063078e00 JavaThread "Unconstrained build operations Thread 16" [_thread_blocked, id=7508, stack(0x0000000f1b500000,0x0000000f1b600000)]
  0x000001f0630788f0 JavaThread "Unconstrained build operations Thread 17" [_thread_blocked, id=13776, stack(0x0000000f1b600000,0x0000000f1b700000)]
  0x000001f06307cac0 JavaThread "Unconstrained build operations Thread 18" [_thread_blocked, id=12020, stack(0x0000000f1b900000,0x0000000f1ba00000)]
  0x000001f063079820 JavaThread "Unconstrained build operations Thread 19" [_thread_blocked, id=13344, stack(0x0000000f1ba00000,0x0000000f1bb00000)]
  0x000001f06307d4e0 JavaThread "Unconstrained build operations Thread 20" [_thread_blocked, id=4220, stack(0x0000000f1bb00000,0x0000000f1bc00000)]
  0x000001f06307cfd0 JavaThread "Unconstrained build operations Thread 21" [_thread_blocked, id=13316, stack(0x0000000f1bc00000,0x0000000f1bd00000)]
  0x000001f06307b680 JavaThread "Unconstrained build operations Thread 22" [_thread_blocked, id=11752, stack(0x0000000f1bd00000,0x0000000f1be00000)]
  0x000001f06307d9f0 JavaThread "Unconstrained build operations Thread 23" [_thread_blocked, id=2220, stack(0x0000000f1be00000,0x0000000f1bf00000)]

Other Threads:
=>0x000001f03f109240 VMThread "VM Thread" [stack: 0x0000000f17000000,0x0000000f17100000] [id=6460]
  0x000001f03f3f4c00 WatcherThread [stack: 0x0000000f17c00000,0x0000000f17d00000] [id=11252]
  0x000001f02022c6a0 GCTaskThread "GC Thread#0" [stack: 0x0000000f16b00000,0x0000000f16c00000] [id=9008]
  0x000001f03f4e5320 GCTaskThread "GC Thread#1" [stack: 0x0000000f17e00000,0x0000000f17f00000] [id=12716]
  0x000001f03f7f8bb0 GCTaskThread "GC Thread#2" [stack: 0x0000000f17f00000,0x0000000f18000000] [id=13104]
  0x000001f03f53f930 GCTaskThread "GC Thread#3" [stack: 0x0000000f18000000,0x0000000f18100000] [id=3848]
  0x000001f02023d5f0 ConcurrentGCThread "G1 Main Marker" [stack: 0x0000000f16c00000,0x0000000f16d00000] [id=1704]
  0x000001f02023f020 ConcurrentGCThread "G1 Conc#0" [stack: 0x0000000f16d00000,0x0000000f16e00000] [id=13124]
  0x000001f03efc60d0 ConcurrentGCThread "G1 Refine#0" [stack: 0x0000000f16e00000,0x0000000f16f00000] [id=3676]
  0x000001f06246a0a0 ConcurrentGCThread "G1 Refine#1" [stack: 0x0000000f1b700000,0x0000000f1b800000] [id=12684]
  0x000001f06246b530 ConcurrentGCThread "G1 Refine#2" [stack: 0x0000000f1b800000,0x0000000f1b900000] [id=13168]
  0x000001f03efc6a10 ConcurrentGCThread "G1 Service" [stack: 0x0000000f16f00000,0x0000000f17000000] [id=12616]

Threads with active compile tasks:
C2 CompilerThread0   239343 16109       4       org.gradle.api.internal.artifacts.result.DefaultResolvedComponentResult::eachElement (89 bytes)
C1 CompilerThread0   239343 16152       1       com.google.android.gms.dependencies.ArtifactVersion::getVersion (5 bytes)

VM state: at safepoint (normal execution)

VM Mutex/Monitor currently owned by a thread:  ([mutex/lock_event])
[0x000001f0201cdc10] Threads_lock - owner thread: 0x000001f03f109240
[0x000001f0201cd820] Heap_lock - owner thread: 0x000001f05f260030

Heap address: 0x0000000080000000, size: 2048 MB, Compressed Oops mode: 32-bit

CDS archive(s) mapped at: [0x000001f040000000-0x000001f040bc0000-0x000001f040bc0000), size 12320768, SharedBaseAddress: 0x000001f040000000, ArchiveRelocationMode: 1.
Compressed class space mapped at: 0x000001f041000000-0x000001f05b000000, reserved size: 436207616
Narrow klass base: 0x000001f040000000, Narrow klass shift: 0, Narrow klass range: 0x100000000

GC Precious Log:
 CPUs: 4 total, 4 available
 Memory: 7812M
 Large Page Support: Disabled
 NUMA Support: Disabled
 Compressed Oops: Enabled (32-bit)
 Heap Region Size: 1M
 Heap Min Capacity: 8M
 Heap Initial Capacity: 124M
 Heap Max Capacity: 2G
 Pre-touch: Disabled
 Parallel Workers: 4
 Concurrent Workers: 1
 Concurrent Refinement Workers: 4
 Periodic GC: Disabled

Heap:
 garbage-first heap   total 304128K, used 171432K [0x0000000080000000, 0x0000000100000000)
  region size 1024K, 7 young (7168K), 7 survivors (7168K)
 Metaspace       used 110140K, committed 111424K, reserved 557056K
  class space    used 14984K, committed 15616K, reserved 425984K

Heap Regions: E=young(eden), S=young(survivor), O=old, HS=humongous(starts), HC=humongous(continues), CS=collection set, F=free, OA=open archive, CA=closed archive, TAMS=top-at-mark-start (previous, next)
|   0|0x0000000080000000, 0x0000000080100000, 0x0000000080100000|100%| O|  |TAMS 0x0000000080100000, 0x0000000080000000| Untracked 
|   1|0x0000000080100000, 0x0000000080200000, 0x0000000080200000|100%| O|  |TAMS 0x0000000080200000, 0x0000000080100000| Untracked 
|   2|0x0000000080200000, 0x0000000080300000, 0x0000000080300000|100%|HS|  |TAMS 0x0000000080300000, 0x0000000080200000| Complete 
|   3|0x0000000080300000, 0x0000000080400000, 0x0000000080400000|100%|HC|  |TAMS 0x0000000080400000, 0x0000000080300000| Complete 
|   4|0x0000000080400000, 0x0000000080500000, 0x0000000080500000|100%|HC|  |TAMS 0x0000000080500000, 0x0000000080400000| Complete 
|   5|0x0000000080500000, 0x0000000080600000, 0x0000000080600000|100%|HC|  |TAMS 0x0000000080600000, 0x0000000080500000| Complete 
|   6|0x0000000080600000, 0x0000000080700000, 0x0000000080700000|100%| O|  |TAMS 0x0000000080700000, 0x0000000080600000| Untracked 
|   7|0x0000000080700000, 0x0000000080800000, 0x0000000080800000|100%| O|  |TAMS 0x0000000080800000, 0x0000000080700000| Untracked 
|   8|0x0000000080800000, 0x0000000080900000, 0x0000000080900000|100%| O|  |TAMS 0x0000000080900000, 0x0000000080800000| Untracked 
|   9|0x0000000080900000, 0x0000000080a00000, 0x0000000080a00000|100%| O|  |TAMS 0x0000000080a00000, 0x0000000080900000| Untracked 
|  10|0x0000000080a00000, 0x0000000080b00000, 0x0000000080b00000|100%| O|  |TAMS 0x0000000080b00000, 0x0000000080a00000| Untracked 
|  11|0x0000000080b00000, 0x0000000080c00000, 0x0000000080c00000|100%| O|  |TAMS 0x0000000080c00000, 0x0000000080b00000| Untracked 
|  12|0x0000000080c00000, 0x0000000080d00000, 0x0000000080d00000|100%| O|  |TAMS 0x0000000080d00000, 0x0000000080c00000| Untracked 
|  13|0x0000000080d00000, 0x0000000080e00000, 0x0000000080e00000|100%| O|  |TAMS 0x0000000080e00000, 0x0000000080d00000| Untracked 
|  14|0x0000000080e00000, 0x0000000080f00000, 0x0000000080f00000|100%| O|  |TAMS 0x0000000080f00000, 0x0000000080e00000| Untracked 
|  15|0x0000000080f00000, 0x0000000081000000, 0x0000000081000000|100%| O|  |TAMS 0x0000000081000000, 0x0000000080f00000| Untracked 
|  16|0x0000000081000000, 0x0000000081100000, 0x0000000081100000|100%| O|  |TAMS 0x0000000081100000, 0x0000000081000000| Untracked 
|  17|0x0000000081100000, 0x0000000081200000, 0x0000000081200000|100%| O|  |TAMS 0x0000000081200000, 0x0000000081100000| Untracked 
|  18|0x0000000081200000, 0x0000000081300000, 0x0000000081300000|100%| O|  |TAMS 0x0000000081300000, 0x0000000081200000| Untracked 
|  19|0x0000000081300000, 0x0000000081400000, 0x0000000081400000|100%| O|  |TAMS 0x0000000081400000, 0x0000000081300000| Untracked 
|  20|0x0000000081400000, 0x0000000081500000, 0x0000000081500000|100%| O|  |TAMS 0x0000000081500000, 0x0000000081400000| Untracked 
|  21|0x0000000081500000, 0x0000000081600000, 0x0000000081600000|100%| O|  |TAMS 0x0000000081600000, 0x0000000081500000| Untracked 
|  22|0x0000000081600000, 0x0000000081700000, 0x0000000081700000|100%| O|  |TAMS 0x0000000081700000, 0x0000000081600000| Untracked 
|  23|0x0000000081700000, 0x0000000081800000, 0x0000000081800000|100%| O|  |TAMS 0x0000000081800000, 0x0000000081700000| Untracked 
|  24|0x0000000081800000, 0x0000000081900000, 0x0000000081900000|100%| O|  |TAMS 0x0000000081900000, 0x0000000081800000| Untracked 
|  25|0x0000000081900000, 0x0000000081a00000, 0x0000000081a00000|100%| O|  |TAMS 0x0000000081a00000, 0x0000000081900000| Untracked 
|  26|0x0000000081a00000, 0x0000000081b00000, 0x0000000081b00000|100%| O|  |TAMS 0x0000000081b00000, 0x0000000081a00000| Untracked 
|  27|0x0000000081b00000, 0x0000000081c00000, 0x0000000081c00000|100%| O|  |TAMS 0x0000000081c00000, 0x0000000081b00000| Untracked 
|  28|0x0000000081c00000, 0x0000000081d00000, 0x0000000081d00000|100%| O|  |TAMS 0x0000000081d00000, 0x0000000081c00000| Untracked 
|  29|0x0000000081d00000, 0x0000000081e00000, 0x0000000081e00000|100%| O|  |TAMS 0x0000000081e00000, 0x0000000081d00000| Untracked 
|  30|0x0000000081e00000, 0x0000000081f00000, 0x0000000081f00000|100%| O|  |TAMS 0x0000000081f00000, 0x0000000081e00000| Untracked 
|  31|0x0000000081f00000, 0x0000000082000000, 0x0000000082000000|100%| O|  |TAMS 0x0000000082000000, 0x0000000081f00000| Untracked 
|  32|0x0000000082000000, 0x0000000082100000, 0x0000000082100000|100%| O|  |TAMS 0x0000000082100000, 0x0000000082000000| Untracked 
|  33|0x0000000082100000, 0x0000000082200000, 0x0000000082200000|100%| O|  |TAMS 0x0000000082200000, 0x0000000082100000| Untracked 
|  34|0x0000000082200000, 0x0000000082300000, 0x0000000082300000|100%| O|  |TAMS 0x0000000082300000, 0x0000000082200000| Untracked 
|  35|0x0000000082300000, 0x0000000082400000, 0x0000000082400000|100%| O|  |TAMS 0x0000000082300000, 0x0000000082300000| Untracked 
|  36|0x0000000082400000, 0x0000000082500000, 0x0000000082500000|100%| O|  |TAMS 0x0000000082500000, 0x0000000082400000| Untracked 
|  37|0x0000000082500000, 0x0000000082600000, 0x0000000082600000|100%| O|  |TAMS 0x0000000082600000, 0x0000000082500000| Untracked 
|  38|0x0000000082600000, 0x0000000082700000, 0x0000000082700000|100%| O|  |TAMS 0x0000000082700000, 0x0000000082600000| Untracked 
|  39|0x0000000082700000, 0x0000000082800000, 0x0000000082800000|100%| O|  |TAMS 0x0000000082700000, 0x0000000082700000| Untracked 
|  40|0x0000000082800000, 0x0000000082900000, 0x0000000082900000|100%| O|  |TAMS 0x0000000082800000, 0x0000000082800000| Untracked 
|  41|0x0000000082900000, 0x0000000082a00000, 0x0000000082a00000|100%|HS|  |TAMS 0x0000000082a00000, 0x0000000082900000| Complete 
|  42|0x0000000082a00000, 0x0000000082b00000, 0x0000000082b00000|100%|HC|  |TAMS 0x0000000082b00000, 0x0000000082a00000| Complete 
|  43|0x0000000082b00000, 0x0000000082c00000, 0x0000000082c00000|100%|HS|  |TAMS 0x0000000082c00000, 0x0000000082b00000| Complete 
|  44|0x0000000082c00000, 0x0000000082d00000, 0x0000000082d00000|100%|HC|  |TAMS 0x0000000082d00000, 0x0000000082c00000| Complete 
|  45|0x0000000082d00000, 0x0000000082e00000, 0x0000000082e00000|100%| O|  |TAMS 0x0000000082d00000, 0x0000000082d00000| Untracked 
|  46|0x0000000082e00000, 0x0000000082f00000, 0x0000000082f00000|100%| O|  |TAMS 0x0000000082f00000, 0x0000000082e00000| Untracked 
|  47|0x0000000082f00000, 0x0000000083000000, 0x0000000083000000|100%|HS|  |TAMS 0x0000000083000000, 0x0000000082f00000| Complete 
|  48|0x0000000083000000, 0x0000000083100000, 0x0000000083100000|100%|HC|  |TAMS 0x0000000083100000, 0x0000000083000000| Complete 
|  49|0x0000000083100000, 0x0000000083200000, 0x0000000083200000|100%|HC|  |TAMS 0x0000000083200000, 0x0000000083100000| Complete 
|  50|0x0000000083200000, 0x0000000083300000, 0x0000000083300000|100%|HC|  |TAMS 0x0000000083300000, 0x0000000083200000| Complete 
|  51|0x0000000083300000, 0x0000000083400000, 0x0000000083400000|100%|HS|  |TAMS 0x0000000083400000, 0x0000000083300000| Complete 
|  52|0x0000000083400000, 0x0000000083500000, 0x0000000083500000|100%|HC|  |TAMS 0x0000000083500000, 0x0000000083400000| Complete 
|  53|0x0000000083500000, 0x0000000083600000, 0x0000000083600000|100%|HC|  |TAMS 0x0000000083600000, 0x0000000083500000| Complete 
|  54|0x0000000083600000, 0x0000000083700000, 0x0000000083700000|100%|HC|  |TAMS 0x0000000083700000, 0x0000000083600000| Complete 
|  55|0x0000000083700000, 0x0000000083800000, 0x0000000083800000|100%| O|  |TAMS 0x0000000083800000, 0x0000000083700000| Untracked 
|  56|0x0000000083800000, 0x0000000083900000, 0x0000000083900000|100%| O|  |TAMS 0x0000000083900000, 0x0000000083800000| Untracked 
|  57|0x0000000083900000, 0x0000000083a00000, 0x0000000083a00000|100%| O|  |TAMS 0x0000000083a00000, 0x0000000083900000| Untracked 
|  58|0x0000000083a00000, 0x0000000083b00000, 0x0000000083b00000|100%| O|  |TAMS 0x0000000083b00000, 0x0000000083a00000| Untracked 
|  59|0x0000000083b00000, 0x0000000083c00000, 0x0000000083c00000|100%| O|  |TAMS 0x0000000083c00000, 0x0000000083b00000| Untracked 
|  60|0x0000000083c00000, 0x0000000083d00000, 0x0000000083d00000|100%| O|  |TAMS 0x0000000083d00000, 0x0000000083c00000| Untracked 
|  61|0x0000000083d00000, 0x0000000083e00000, 0x0000000083e00000|100%| O|  |TAMS 0x0000000083d00000, 0x0000000083d00000| Untracked 
|  62|0x0000000083e00000, 0x0000000083f00000, 0x0000000083f00000|100%| O|  |TAMS 0x0000000083e00000, 0x0000000083e00000| Untracked 
|  63|0x0000000083f00000, 0x0000000084000000, 0x0000000084000000|100%| O|  |TAMS 0x0000000084000000, 0x0000000083f00000| Untracked 
|  64|0x0000000084000000, 0x0000000084000000, 0x0000000084100000|  0%| F|  |TAMS 0x0000000084000000, 0x0000000084000000| Untracked 
|  65|0x0000000084100000, 0x0000000084200000, 0x0000000084200000|100%| O|  |TAMS 0x0000000084100000, 0x0000000084100000| Untracked 
|  66|0x0000000084200000, 0x0000000084300000, 0x0000000084300000|100%| O|  |TAMS 0x0000000084300000, 0x0000000084200000| Untracked 
|  67|0x0000000084300000, 0x0000000084400000, 0x0000000084400000|100%| O|  |TAMS 0x0000000084400000, 0x0000000084300000| Untracked 
|  68|0x0000000084400000, 0x0000000084500000, 0x0000000084500000|100%| O|  |TAMS 0x0000000084500000, 0x0000000084400000| Untracked 
|  69|0x0000000084500000, 0x0000000084500000, 0x0000000084600000|  0%| F|  |TAMS 0x0000000084500000, 0x0000000084500000| Untracked 
|  70|0x0000000084600000, 0x0000000084700000, 0x0000000084700000|100%|HS|  |TAMS 0x0000000084700000, 0x0000000084600000| Complete 
|  71|0x0000000084700000, 0x0000000084800000, 0x0000000084800000|100%|HS|  |TAMS 0x0000000084800000, 0x0000000084700000| Complete 
|  72|0x0000000084800000, 0x0000000084900000, 0x0000000084900000|100%|HS|  |TAMS 0x0000000084900000, 0x0000000084800000| Complete 
|  73|0x0000000084900000, 0x0000000084a00000, 0x0000000084a00000|100%|HS|  |TAMS 0x0000000084a00000, 0x0000000084900000| Complete 
|  74|0x0000000084a00000, 0x0000000084b00000, 0x0000000084b00000|100%| O|  |TAMS 0x0000000084a00000, 0x0000000084a00000| Untracked 
|  75|0x0000000084b00000, 0x0000000084c00000, 0x0000000084c00000|100%| O|  |TAMS 0x0000000084b00000, 0x0000000084b00000| Untracked 
|  76|0x0000000084c00000, 0x0000000084d00000, 0x0000000084d00000|100%| O|  |TAMS 0x0000000084c00000, 0x0000000084c00000| Untracked 
|  77|0x0000000084d00000, 0x0000000084e00000, 0x0000000084e00000|100%| O|  |TAMS 0x0000000084d00000, 0x0000000084d00000| Untracked 
|  78|0x0000000084e00000, 0x0000000084f00000, 0x0000000084f00000|100%|HS|  |TAMS 0x0000000084f00000, 0x0000000084e00000| Complete 
|  79|0x0000000084f00000, 0x0000000085000000, 0x0000000085000000|100%| O|  |TAMS 0x0000000085000000, 0x0000000084f00000| Untracked 
|  80|0x0000000085000000, 0x0000000085100000, 0x0000000085100000|100%| O|  |TAMS 0x0000000085100000, 0x0000000085000000| Untracked 
|  81|0x0000000085100000, 0x0000000085200000, 0x0000000085200000|100%| O|  |TAMS 0x0000000085200000, 0x0000000085100000| Untracked 
|  82|0x0000000085200000, 0x0000000085300000, 0x0000000085300000|100%| O|  |TAMS 0x0000000085300000, 0x0000000085200000| Untracked 
|  83|0x0000000085300000, 0x0000000085400000, 0x0000000085400000|100%| O|  |TAMS 0x0000000085400000, 0x0000000085300000| Untracked 
|  84|0x0000000085400000, 0x0000000085500000, 0x0000000085500000|100%| O|  |TAMS 0x0000000085500000, 0x0000000085400000| Untracked 
|  85|0x0000000085500000, 0x0000000085600000, 0x0000000085600000|100%| O|  |TAMS 0x0000000085600000, 0x0000000085500000| Untracked 
|  86|0x0000000085600000, 0x0000000085600000, 0x0000000085700000|  0%| F|  |TAMS 0x0000000085600000, 0x0000000085600000| Untracked 
|  87|0x0000000085700000, 0x0000000085800000, 0x0000000085800000|100%| O|  |TAMS 0x0000000085800000, 0x0000000085700000| Untracked 
|  88|0x0000000085800000, 0x0000000085900000, 0x0000000085900000|100%| O|  |TAMS 0x0000000085900000, 0x0000000085800000| Untracked 
|  89|0x0000000085900000, 0x0000000085a00000, 0x0000000085a00000|100%| O|  |TAMS 0x0000000085a00000, 0x0000000085900000| Untracked 
|  90|0x0000000085a00000, 0x0000000085b00000, 0x0000000085b00000|100%| O|  |TAMS 0x0000000085b00000, 0x0000000085a00000| Untracked 
|  91|0x0000000085b00000, 0x0000000085c00000, 0x0000000085c00000|100%| O|  |TAMS 0x0000000085c00000, 0x0000000085b00000| Untracked 
|  92|0x0000000085c00000, 0x0000000085d00000, 0x0000000085d00000|100%| O|  |TAMS 0x0000000085d00000, 0x0000000085c00000| Untracked 
|  93|0x0000000085d00000, 0x0000000085d00000, 0x0000000085e00000|  0%| F|  |TAMS 0x0000000085d00000, 0x0000000085d00000| Untracked 
|  94|0x0000000085e00000, 0x0000000085f00000, 0x0000000085f00000|100%| O|  |TAMS 0x0000000085e00000, 0x0000000085e00000| Untracked 
|  95|0x0000000085f00000, 0x0000000086000000, 0x0000000086000000|100%| O|  |TAMS 0x0000000086000000, 0x0000000085f00000| Untracked 
|  96|0x0000000086000000, 0x0000000086100000, 0x0000000086100000|100%| O|  |TAMS 0x0000000086100000, 0x0000000086000000| Untracked 
|  97|0x0000000086100000, 0x0000000086200000, 0x0000000086200000|100%| O|  |TAMS 0x0000000086200000, 0x0000000086100000| Untracked 
|  98|0x0000000086200000, 0x0000000086300000, 0x0000000086300000|100%| O|  |TAMS 0x0000000086200000, 0x0000000086200000| Untracked 
|  99|0x0000000086300000, 0x0000000086400000, 0x0000000086400000|100%| O|  |TAMS 0x0000000086400000, 0x0000000086300000| Untracked 
| 100|0x0000000086400000, 0x0000000086500000, 0x0000000086500000|100%| O|  |TAMS 0x0000000086500000, 0x0000000086400000| Untracked 
| 101|0x0000000086500000, 0x0000000086600000, 0x0000000086600000|100%| O|  |TAMS 0x0000000086600000, 0x0000000086500000| Untracked 
| 102|0x0000000086600000, 0x0000000086700000, 0x0000000086700000|100%| O|  |TAMS 0x0000000086700000, 0x0000000086600000| Untracked 
| 103|0x0000000086700000, 0x0000000086800000, 0x0000000086800000|100%| O|  |TAMS 0x0000000086800000, 0x0000000086700000| Untracked 
| 104|0x0000000086800000, 0x0000000086900000, 0x0000000086900000|100%| O|  |TAMS 0x0000000086900000, 0x0000000086800000| Untracked 
| 105|0x0000000086900000, 0x0000000086a00000, 0x0000000086a00000|100%| O|  |TAMS 0x0000000086a00000, 0x0000000086900000| Untracked 
| 106|0x0000000086a00000, 0x0000000086b00000, 0x0000000086b00000|100%| O|  |TAMS 0x0000000086b00000, 0x0000000086a00000| Untracked 
| 107|0x0000000086b00000, 0x0000000086c00000, 0x0000000086c00000|100%| O|  |TAMS 0x0000000086c00000, 0x0000000086b00000| Untracked 
| 108|0x0000000086c00000, 0x0000000086d00000, 0x0000000086d00000|100%| O|  |TAMS 0x0000000086d00000, 0x0000000086c00000| Untracked 
| 109|0x0000000086d00000, 0x0000000086e00000, 0x0000000086e00000|100%| O|  |TAMS 0x0000000086e00000, 0x0000000086d00000| Untracked 
| 110|0x0000000086e00000, 0x0000000086f00000, 0x0000000086f00000|100%| O|  |TAMS 0x0000000086e00000, 0x0000000086e00000| Untracked 
| 111|0x0000000086f00000, 0x0000000086f80000, 0x0000000087000000| 50%| O|  |TAMS 0x0000000086f00000, 0x0000000086f00000| Untracked 
| 112|0x0000000087000000, 0x0000000087100000, 0x0000000087100000|100%| O|  |TAMS 0x0000000087100000, 0x0000000087000000| Untracked 
| 113|0x0000000087100000, 0x0000000087100000, 0x0000000087200000|  0%| F|  |TAMS 0x0000000087100000, 0x0000000087100000| Untracked 
| 114|0x0000000087200000, 0x0000000087200000, 0x0000000087300000|  0%| F|  |TAMS 0x0000000087200000, 0x0000000087200000| Untracked 
| 115|0x0000000087300000, 0x0000000087400000, 0x0000000087400000|100%| O|  |TAMS 0x0000000087400000, 0x0000000087300000| Untracked 
| 116|0x0000000087400000, 0x0000000087500000, 0x0000000087500000|100%|HS|  |TAMS 0x0000000087500000, 0x0000000087400000| Complete 
| 117|0x0000000087500000, 0x0000000087600000, 0x0000000087600000|100%|HS|  |TAMS 0x0000000087600000, 0x0000000087500000| Complete 
| 118|0x0000000087600000, 0x0000000087700000, 0x0000000087700000|100%| O|  |TAMS 0x0000000087700000, 0x0000000087600000| Untracked 
| 119|0x0000000087700000, 0x0000000087800000, 0x0000000087800000|100%|HS|  |TAMS 0x0000000087800000, 0x0000000087700000| Complete 
| 120|0x0000000087800000, 0x0000000087900000, 0x0000000087900000|100%|HC|  |TAMS 0x0000000087900000, 0x0000000087800000| Complete 
| 121|0x0000000087900000, 0x0000000087a00000, 0x0000000087a00000|100%| O|  |TAMS 0x0000000087a00000, 0x0000000087900000| Untracked 
| 122|0x0000000087a00000, 0x0000000087a00000, 0x0000000087b00000|  0%| F|  |TAMS 0x0000000087a00000, 0x0000000087a00000| Untracked 
| 123|0x0000000087b00000, 0x0000000087b00000, 0x0000000087c00000|  0%| F|  |TAMS 0x0000000087b00000, 0x0000000087b00000| Untracked 
| 124|0x0000000087c00000, 0x0000000087d00000, 0x0000000087d00000|100%| O|  |TAMS 0x0000000087c00000, 0x0000000087c00000| Untracked 
| 125|0x0000000087d00000, 0x0000000087e00000, 0x0000000087e00000|100%| O|  |TAMS 0x0000000087d00000, 0x0000000087d00000| Untracked 
| 126|0x0000000087e00000, 0x0000000087f00000, 0x0000000087f00000|100%| O|  |TAMS 0x0000000087f00000, 0x0000000087e00000| Untracked 
| 127|0x0000000087f00000, 0x0000000088000000, 0x0000000088000000|100%| O|  |TAMS 0x0000000088000000, 0x0000000087f00000| Untracked 
| 128|0x0000000088000000, 0x0000000088000000, 0x0000000088100000|  0%| F|  |TAMS 0x0000000088000000, 0x0000000088000000| Untracked 
| 129|0x0000000088100000, 0x0000000088100000, 0x0000000088200000|  0%| F|  |TAMS 0x0000000088100000, 0x0000000088100000| Untracked 
| 130|0x0000000088200000, 0x0000000088200000, 0x0000000088300000|  0%| F|  |TAMS 0x0000000088200000, 0x0000000088200000| Untracked 
| 131|0x0000000088300000, 0x0000000088400000, 0x0000000088400000|100%| O|  |TAMS 0x0000000088400000, 0x0000000088300000| Untracked 
| 132|0x0000000088400000, 0x0000000088400000, 0x0000000088500000|  0%| F|  |TAMS 0x0000000088400000, 0x0000000088400000| Untracked 
| 133|0x0000000088500000, 0x0000000088500000, 0x0000000088600000|  0%| F|  |TAMS 0x0000000088500000, 0x0000000088500000| Untracked 
| 134|0x0000000088600000, 0x0000000088600000, 0x0000000088700000|  0%| F|  |TAMS 0x0000000088600000, 0x0000000088600000| Untracked 
| 135|0x0000000088700000, 0x0000000088700000, 0x0000000088800000|  0%| F|  |TAMS 0x0000000088700000, 0x0000000088700000| Untracked 
| 136|0x0000000088800000, 0x0000000088900000, 0x0000000088900000|100%| O|  |TAMS 0x0000000088800000, 0x0000000088800000| Untracked 
| 137|0x0000000088900000, 0x0000000088900000, 0x0000000088a00000|  0%| F|  |TAMS 0x0000000088900000, 0x0000000088900000| Untracked 
| 138|0x0000000088a00000, 0x0000000088a00000, 0x0000000088b00000|  0%| F|  |TAMS 0x0000000088a00000, 0x0000000088a00000| Untracked 
| 139|0x0000000088b00000, 0x0000000088b00000, 0x0000000088c00000|  0%| F|  |TAMS 0x0000000088b00000, 0x0000000088b00000| Untracked 
| 140|0x0000000088c00000, 0x0000000088d00000, 0x0000000088d00000|100%|HS|  |TAMS 0x0000000088d00000, 0x0000000088c00000| Complete 
| 141|0x0000000088d00000, 0x0000000088e00000, 0x0000000088e00000|100%|HS|  |TAMS 0x0000000088e00000, 0x0000000088d00000| Complete 
| 142|0x0000000088e00000, 0x0000000088f00000, 0x0000000088f00000|100%| O|  |TAMS 0x0000000088f00000, 0x0000000088e00000| Untracked 
| 143|0x0000000088f00000, 0x0000000089000000, 0x0000000089000000|100%| O|  |TAMS 0x0000000089000000, 0x0000000088f00000| Untracked 
| 144|0x0000000089000000, 0x0000000089100000, 0x0000000089100000|100%| O|  |TAMS 0x0000000089100000, 0x0000000089000000| Untracked 
| 145|0x0000000089100000, 0x0000000089100000, 0x0000000089200000|  0%| F|  |TAMS 0x0000000089100000, 0x0000000089100000| Untracked 
| 146|0x0000000089200000, 0x0000000089300000, 0x0000000089300000|100%| O|  |TAMS 0x0000000089300000, 0x0000000089200000| Untracked 
| 147|0x0000000089300000, 0x0000000089400000, 0x0000000089400000|100%| O|  |TAMS 0x0000000089300000, 0x0000000089300000| Untracked 
| 148|0x0000000089400000, 0x0000000089500000, 0x0000000089500000|100%| O|  |TAMS 0x0000000089500000, 0x0000000089400000| Untracked 
| 149|0x0000000089500000, 0x0000000089600000, 0x0000000089600000|100%| O|  |TAMS 0x0000000089600000, 0x0000000089500000| Untracked 
| 150|0x0000000089600000, 0x0000000089700000, 0x0000000089700000|100%| O|  |TAMS 0x0000000089700000, 0x0000000089600000| Untracked 
| 151|0x0000000089700000, 0x0000000089700000, 0x0000000089800000|  0%| F|  |TAMS 0x0000000089700000, 0x0000000089700000| Untracked 
| 152|0x0000000089800000, 0x0000000089800000, 0x0000000089900000|  0%| F|  |TAMS 0x0000000089800000, 0x0000000089800000| Untracked 
| 153|0x0000000089900000, 0x0000000089900000, 0x0000000089a00000|  0%| F|  |TAMS 0x0000000089900000, 0x0000000089900000| Untracked 
| 154|0x0000000089a00000, 0x0000000089a00000, 0x0000000089b00000|  0%| F|  |TAMS 0x0000000089a00000, 0x0000000089a00000| Untracked 
| 155|0x0000000089b00000, 0x0000000089b00000, 0x0000000089c00000|  0%| F|  |TAMS 0x0000000089b00000, 0x0000000089b00000| Untracked 
| 156|0x0000000089c00000, 0x0000000089c00000, 0x0000000089d00000|  0%| F|  |TAMS 0x0000000089c00000, 0x0000000089c00000| Untracked 
| 157|0x0000000089d00000, 0x0000000089d00000, 0x0000000089e00000|  0%| F|  |TAMS 0x0000000089d00000, 0x0000000089d00000| Untracked 
| 158|0x0000000089e00000, 0x0000000089e00000, 0x0000000089f00000|  0%| F|  |TAMS 0x0000000089e00000, 0x0000000089e00000| Untracked 
| 159|0x0000000089f00000, 0x0000000089f00000, 0x000000008a000000|  0%| F|  |TAMS 0x0000000089f00000, 0x0000000089f00000| Untracked 
| 160|0x000000008a000000, 0x000000008a000000, 0x000000008a100000|  0%| F|  |TAMS 0x000000008a000000, 0x000000008a000000| Untracked 
| 161|0x000000008a100000, 0x000000008a100000, 0x000000008a200000|  0%| F|  |TAMS 0x000000008a100000, 0x000000008a100000| Untracked 
| 162|0x000000008a200000, 0x000000008a200000, 0x000000008a300000|  0%| F|  |TAMS 0x000000008a200000, 0x000000008a200000| Untracked 
| 163|0x000000008a300000, 0x000000008a300000, 0x000000008a400000|  0%| F|  |TAMS 0x000000008a300000, 0x000000008a300000| Untracked 
| 164|0x000000008a400000, 0x000000008a500000, 0x000000008a500000|100%| O|  |TAMS 0x000000008a500000, 0x000000008a400000| Untracked 
| 165|0x000000008a500000, 0x000000008a600000, 0x000000008a600000|100%| O|  |TAMS 0x000000008a600000, 0x000000008a500000| Untracked 
| 166|0x000000008a600000, 0x000000008a700000, 0x000000008a700000|100%| O|  |TAMS 0x000000008a700000, 0x000000008a600000| Untracked 
| 167|0x000000008a700000, 0x000000008a800000, 0x000000008a800000|100%| O|  |TAMS 0x000000008a735400, 0x000000008a700000| Untracked 
| 168|0x000000008a800000, 0x000000008a900000, 0x000000008a900000|100%| O|  |TAMS 0x000000008a800000, 0x000000008a800000| Untracked 
| 169|0x000000008a900000, 0x000000008aa00000, 0x000000008aa00000|100%| O|  |TAMS 0x000000008aa00000, 0x000000008a900000| Untracked 
| 170|0x000000008aa00000, 0x000000008ab00000, 0x000000008ab00000|100%| O|  |TAMS 0x000000008ab00000, 0x000000008aa00000| Untracked 
| 171|0x000000008ab00000, 0x000000008ac00000, 0x000000008ac00000|100%| O|  |TAMS 0x000000008ab00000, 0x000000008ab00000| Untracked 
| 172|0x000000008ac00000, 0x000000008ac00000, 0x000000008ad00000|  0%| F|  |TAMS 0x000000008ac00000, 0x000000008ac00000| Untracked 
| 173|0x000000008ad00000, 0x000000008ae00000, 0x000000008ae00000|100%| O|  |TAMS 0x000000008ae00000, 0x000000008ad00000| Untracked 
| 174|0x000000008ae00000, 0x000000008af00000, 0x000000008af00000|100%| O|  |TAMS 0x000000008ae00000, 0x000000008ae00000| Untracked 
| 175|0x000000008af00000, 0x000000008b000000, 0x000000008b000000|100%| O|  |TAMS 0x000000008af00000, 0x000000008af00000| Untracked 
| 176|0x000000008b000000, 0x000000008b100000, 0x000000008b100000|100%| O|  |TAMS 0x000000008b000000, 0x000000008b000000| Untracked 
| 177|0x000000008b100000, 0x000000008b200000, 0x000000008b200000|100%| O|  |TAMS 0x000000008b100000, 0x000000008b100000| Untracked 
| 178|0x000000008b200000, 0x000000008b300000, 0x000000008b300000|100%| O|  |TAMS 0x000000008b200000, 0x000000008b200000| Untracked 
| 179|0x000000008b300000, 0x000000008b400000, 0x000000008b400000|100%| O|  |TAMS 0x000000008b300000, 0x000000008b300000| Untracked 
| 180|0x000000008b400000, 0x000000008b500000, 0x000000008b500000|100%| O|  |TAMS 0x000000008b400000, 0x000000008b400000| Untracked 
| 181|0x000000008b500000, 0x000000008b600000, 0x000000008b600000|100%| O|  |TAMS 0x000000008b500000, 0x000000008b500000| Untracked 
| 182|0x000000008b600000, 0x000000008b700000, 0x000000008b700000|100%| O|  |TAMS 0x000000008b600000, 0x000000008b600000| Untracked 
| 183|0x000000008b700000, 0x000000008b800000, 0x000000008b800000|100%| O|  |TAMS 0x000000008b700000, 0x000000008b700000| Untracked 
| 184|0x000000008b800000, 0x000000008b900000, 0x000000008b900000|100%| O|  |TAMS 0x000000008b800000, 0x000000008b800000| Untracked 
| 185|0x000000008b900000, 0x000000008ba00000, 0x000000008ba00000|100%| O|  |TAMS 0x000000008b900000, 0x000000008b900000| Untracked 
| 186|0x000000008ba00000, 0x000000008bb00000, 0x000000008bb00000|100%| O|  |TAMS 0x000000008ba00000, 0x000000008ba00000| Untracked 
| 187|0x000000008bb00000, 0x000000008bc00000, 0x000000008bc00000|100%| O|  |TAMS 0x000000008bb00000, 0x000000008bb00000| Untracked 
| 188|0x000000008bc00000, 0x000000008bd00000, 0x000000008bd00000|100%| O|  |TAMS 0x000000008bc00000, 0x000000008bc00000| Untracked 
| 189|0x000000008bd00000, 0x000000008be00000, 0x000000008be00000|100%| O|  |TAMS 0x000000008bd00000, 0x000000008bd00000| Untracked 
| 190|0x000000008be00000, 0x000000008bf00000, 0x000000008bf00000|100%| O|  |TAMS 0x000000008be00000, 0x000000008be00000| Untracked 
| 191|0x000000008bf00000, 0x000000008c000000, 0x000000008c000000|100%| O|  |TAMS 0x000000008bf00000, 0x000000008bf00000| Untracked 
| 192|0x000000008c000000, 0x000000008c100000, 0x000000008c100000|100%| O|  |TAMS 0x000000008c000000, 0x000000008c000000| Untracked 
| 193|0x000000008c100000, 0x000000008c200000, 0x000000008c200000|100%| O|  |TAMS 0x000000008c100000, 0x000000008c100000| Untracked 
| 194|0x000000008c200000, 0x000000008c200000, 0x000000008c300000|  0%| F|  |TAMS 0x000000008c200000, 0x000000008c200000| Untracked 
| 195|0x000000008c300000, 0x000000008c300000, 0x000000008c400000|  0%| F|  |TAMS 0x000000008c300000, 0x000000008c300000| Untracked 
| 196|0x000000008c400000, 0x000000008c400000, 0x000000008c500000|  0%| F|  |TAMS 0x000000008c400000, 0x000000008c400000| Untracked 
| 197|0x000000008c500000, 0x000000008c500000, 0x000000008c600000|  0%| F|  |TAMS 0x000000008c500000, 0x000000008c500000| Untracked 
| 198|0x000000008c600000, 0x000000008c600000, 0x000000008c700000|  0%| F|  |TAMS 0x000000008c600000, 0x000000008c600000| Untracked 
| 199|0x000000008c700000, 0x000000008c700000, 0x000000008c800000|  0%| F|  |TAMS 0x000000008c700000, 0x000000008c700000| Untracked 
| 200|0x000000008c800000, 0x000000008c800000, 0x000000008c900000|  0%| F|  |TAMS 0x000000008c800000, 0x000000008c800000| Untracked 
| 201|0x000000008c900000, 0x000000008c900000, 0x000000008ca00000|  0%| F|  |TAMS 0x000000008c900000, 0x000000008c900000| Untracked 
| 202|0x000000008ca00000, 0x000000008ca00000, 0x000000008cb00000|  0%| F|  |TAMS 0x000000008ca00000, 0x000000008ca00000| Untracked 
| 203|0x000000008cb00000, 0x000000008cb00000, 0x000000008cc00000|  0%| F|  |TAMS 0x000000008cb00000, 0x000000008cb00000| Untracked 
| 204|0x000000008cc00000, 0x000000008cc00000, 0x000000008cd00000|  0%| F|  |TAMS 0x000000008cc00000, 0x000000008cc00000| Untracked 
| 205|0x000000008cd00000, 0x000000008cd00000, 0x000000008ce00000|  0%| F|  |TAMS 0x000000008cd00000, 0x000000008cd00000| Untracked 
| 206|0x000000008ce00000, 0x000000008ce00000, 0x000000008cf00000|  0%| F|  |TAMS 0x000000008ce00000, 0x000000008ce00000| Untracked 
| 207|0x000000008cf00000, 0x000000008cf00000, 0x000000008d000000|  0%| F|  |TAMS 0x000000008cf00000, 0x000000008cf00000| Untracked 
| 208|0x000000008d000000, 0x000000008d000000, 0x000000008d100000|  0%| F|  |TAMS 0x000000008d000000, 0x000000008d000000| Untracked 
| 209|0x000000008d100000, 0x000000008d100000, 0x000000008d200000|  0%| F|  |TAMS 0x000000008d100000, 0x000000008d100000| Untracked 
| 210|0x000000008d200000, 0x000000008d200000, 0x000000008d300000|  0%| F|  |TAMS 0x000000008d200000, 0x000000008d200000| Untracked 
| 211|0x000000008d300000, 0x000000008d300000, 0x000000008d400000|  0%| F|  |TAMS 0x000000008d300000, 0x000000008d300000| Untracked 
| 212|0x000000008d400000, 0x000000008d400000, 0x000000008d500000|  0%| F|  |TAMS 0x000000008d400000, 0x000000008d400000| Untracked 
| 213|0x000000008d500000, 0x000000008d500000, 0x000000008d600000|  0%| F|  |TAMS 0x000000008d500000, 0x000000008d500000| Untracked 
| 214|0x000000008d600000, 0x000000008d600000, 0x000000008d700000|  0%| F|  |TAMS 0x000000008d600000, 0x000000008d600000| Untracked 
| 215|0x000000008d700000, 0x000000008d700000, 0x000000008d800000|  0%| F|  |TAMS 0x000000008d700000, 0x000000008d700000| Untracked 
| 216|0x000000008d800000, 0x000000008d800000, 0x000000008d900000|  0%| F|  |TAMS 0x000000008d800000, 0x000000008d800000| Untracked 
| 217|0x000000008d900000, 0x000000008d900000, 0x000000008da00000|  0%| F|  |TAMS 0x000000008d900000, 0x000000008d900000| Untracked 
| 218|0x000000008da00000, 0x000000008da00000, 0x000000008db00000|  0%| F|  |TAMS 0x000000008da00000, 0x000000008da00000| Untracked 
| 219|0x000000008db00000, 0x000000008dbea158, 0x000000008dc00000| 91%| S|CS|TAMS 0x000000008db00000, 0x000000008db00000| Complete 
| 220|0x000000008dc00000, 0x000000008dd00000, 0x000000008dd00000|100%| S|CS|TAMS 0x000000008dc00000, 0x000000008dc00000| Complete 
| 221|0x000000008dd00000, 0x000000008de00000, 0x000000008de00000|100%| S|CS|TAMS 0x000000008dd00000, 0x000000008dd00000| Complete 
| 222|0x000000008de00000, 0x000000008df00000, 0x000000008df00000|100%| S|CS|TAMS 0x000000008de00000, 0x000000008de00000| Complete 
| 223|0x000000008df00000, 0x000000008e000000, 0x000000008e000000|100%| S|CS|TAMS 0x000000008df00000, 0x000000008df00000| Complete 
| 224|0x000000008e000000, 0x000000008e100000, 0x000000008e100000|100%| S|CS|TAMS 0x000000008e000000, 0x000000008e000000| Complete 
| 225|0x000000008e100000, 0x000000008e200000, 0x000000008e200000|100%| S|CS|TAMS 0x000000008e100000, 0x000000008e100000| Complete 
| 226|0x000000008e200000, 0x000000008e200000, 0x000000008e300000|  0%| F|  |TAMS 0x000000008e200000, 0x000000008e200000| Untracked 
| 227|0x000000008e300000, 0x000000008e300000, 0x000000008e400000|  0%| F|  |TAMS 0x000000008e300000, 0x000000008e300000| Untracked 
| 228|0x000000008e400000, 0x000000008e400000, 0x000000008e500000|  0%| F|  |TAMS 0x000000008e400000, 0x000000008e400000| Untracked 
| 229|0x000000008e500000, 0x000000008e500000, 0x000000008e600000|  0%| F|  |TAMS 0x000000008e500000, 0x000000008e500000| Untracked 
| 230|0x000000008e600000, 0x000000008e600000, 0x000000008e700000|  0%| F|  |TAMS 0x000000008e600000, 0x000000008e600000| Untracked 
| 231|0x000000008e700000, 0x000000008e700000, 0x000000008e800000|  0%| F|  |TAMS 0x000000008e700000, 0x000000008e700000| Untracked 
| 232|0x000000008e800000, 0x000000008e800000, 0x000000008e900000|  0%| F|  |TAMS 0x000000008e800000, 0x000000008e800000| Untracked 
| 233|0x000000008e900000, 0x000000008e900000, 0x000000008ea00000|  0%| F|  |TAMS 0x000000008e900000, 0x000000008e900000| Untracked 
| 234|0x000000008ea00000, 0x000000008ea00000, 0x000000008eb00000|  0%| F|  |TAMS 0x000000008ea00000, 0x000000008ea00000| Untracked 
| 235|0x000000008eb00000, 0x000000008eb00000, 0x000000008ec00000|  0%| F|  |TAMS 0x000000008eb00000, 0x000000008eb00000| Untracked 
| 236|0x000000008ec00000, 0x000000008ec00000, 0x000000008ed00000|  0%| F|  |TAMS 0x000000008ec00000, 0x000000008ec00000| Untracked 
| 237|0x000000008ed00000, 0x000000008ed00000, 0x000000008ee00000|  0%| F|  |TAMS 0x000000008ed00000, 0x000000008ed00000| Untracked 
| 238|0x000000008ee00000, 0x000000008ee00000, 0x000000008ef00000|  0%| F|  |TAMS 0x000000008ee00000, 0x000000008ee00000| Untracked 
| 239|0x000000008ef00000, 0x000000008ef00000, 0x000000008f000000|  0%| F|  |TAMS 0x000000008ef00000, 0x000000008ef00000| Untracked 
| 240|0x000000008f000000, 0x000000008f000000, 0x000000008f100000|  0%| F|  |TAMS 0x000000008f000000, 0x000000008f000000| Untracked 
| 241|0x000000008f100000, 0x000000008f100000, 0x000000008f200000|  0%| F|  |TAMS 0x000000008f100000, 0x000000008f100000| Untracked 
| 242|0x000000008f200000, 0x000000008f200000, 0x000000008f300000|  0%| F|  |TAMS 0x000000008f200000, 0x000000008f200000| Untracked 
| 243|0x000000008f300000, 0x000000008f300000, 0x000000008f400000|  0%| F|  |TAMS 0x000000008f300000, 0x000000008f300000| Untracked 
| 244|0x000000008f400000, 0x000000008f400000, 0x000000008f500000|  0%| F|  |TAMS 0x000000008f400000, 0x000000008f400000| Untracked 
| 245|0x000000008f500000, 0x000000008f500000, 0x000000008f600000|  0%| F|  |TAMS 0x000000008f500000, 0x000000008f500000| Untracked 
| 246|0x000000008f600000, 0x000000008f600000, 0x000000008f700000|  0%| F|  |TAMS 0x000000008f600000, 0x000000008f600000| Untracked 
| 247|0x000000008f700000, 0x000000008f700000, 0x000000008f800000|  0%| F|  |TAMS 0x000000008f700000, 0x000000008f700000| Untracked 
| 248|0x000000008f800000, 0x000000008f800000, 0x000000008f900000|  0%| F|  |TAMS 0x000000008f800000, 0x000000008f800000| Untracked 
| 249|0x000000008f900000, 0x000000008f900000, 0x000000008fa00000|  0%| F|  |TAMS 0x000000008f900000, 0x000000008f900000| Untracked 
| 250|0x000000008fa00000, 0x000000008fa00000, 0x000000008fb00000|  0%| F|  |TAMS 0x000000008fa00000, 0x000000008fa00000| Untracked 
| 251|0x000000008fb00000, 0x000000008fb00000, 0x000000008fc00000|  0%| F|  |TAMS 0x000000008fb00000, 0x000000008fb00000| Untracked 
| 252|0x000000008fc00000, 0x000000008fc00000, 0x000000008fd00000|  0%| F|  |TAMS 0x000000008fc00000, 0x000000008fc00000| Untracked 
| 253|0x000000008fd00000, 0x000000008fd00000, 0x000000008fe00000|  0%| F|  |TAMS 0x000000008fd00000, 0x000000008fd00000| Untracked 
| 254|0x000000008fe00000, 0x000000008fe00000, 0x000000008ff00000|  0%| F|  |TAMS 0x000000008fe00000, 0x000000008fe00000| Untracked 
| 255|0x000000008ff00000, 0x000000008ff00000, 0x0000000090000000|  0%| F|  |TAMS 0x000000008ff00000, 0x000000008ff00000| Untracked 
| 256|0x0000000090000000, 0x0000000090000000, 0x0000000090100000|  0%| F|  |TAMS 0x0000000090000000, 0x0000000090000000| Untracked 
| 257|0x0000000090100000, 0x0000000090100000, 0x0000000090200000|  0%| F|  |TAMS 0x0000000090100000, 0x0000000090100000| Untracked 
| 258|0x0000000090200000, 0x0000000090200000, 0x0000000090300000|  0%| F|  |TAMS 0x0000000090200000, 0x0000000090200000| Untracked 
| 259|0x0000000090300000, 0x0000000090300000, 0x0000000090400000|  0%| F|  |TAMS 0x0000000090300000, 0x0000000090300000| Untracked 
| 260|0x0000000090400000, 0x0000000090400000, 0x0000000090500000|  0%| F|  |TAMS 0x0000000090400000, 0x0000000090400000| Untracked 
| 261|0x0000000090500000, 0x0000000090500000, 0x0000000090600000|  0%| F|  |TAMS 0x0000000090500000, 0x0000000090500000| Untracked 
| 262|0x0000000090600000, 0x0000000090600000, 0x0000000090700000|  0%| F|  |TAMS 0x0000000090600000, 0x0000000090600000| Untracked 
| 263|0x0000000090700000, 0x0000000090700000, 0x0000000090800000|  0%| F|  |TAMS 0x0000000090700000, 0x0000000090700000| Untracked 
| 264|0x0000000090800000, 0x0000000090800000, 0x0000000090900000|  0%| F|  |TAMS 0x0000000090800000, 0x0000000090800000| Untracked 
| 265|0x0000000090900000, 0x0000000090900000, 0x0000000090a00000|  0%| F|  |TAMS 0x0000000090900000, 0x0000000090900000| Untracked 
| 266|0x0000000090a00000, 0x0000000090a00000, 0x0000000090b00000|  0%| F|  |TAMS 0x0000000090a00000, 0x0000000090a00000| Untracked 
| 267|0x0000000090b00000, 0x0000000090b00000, 0x0000000090c00000|  0%| F|  |TAMS 0x0000000090b00000, 0x0000000090b00000| Untracked 
| 268|0x0000000090c00000, 0x0000000090c00000, 0x0000000090d00000|  0%| F|  |TAMS 0x0000000090c00000, 0x0000000090c00000| Untracked 
| 269|0x0000000090d00000, 0x0000000090d00000, 0x0000000090e00000|  0%| F|  |TAMS 0x0000000090d00000, 0x0000000090d00000| Untracked 
| 270|0x0000000090e00000, 0x0000000090e00000, 0x0000000090f00000|  0%| F|  |TAMS 0x0000000090e00000, 0x0000000090e00000| Untracked 
| 271|0x0000000090f00000, 0x0000000090f00000, 0x0000000091000000|  0%| F|  |TAMS 0x0000000090f00000, 0x0000000090f00000| Untracked 
| 272|0x0000000091000000, 0x0000000091000000, 0x0000000091100000|  0%| F|  |TAMS 0x0000000091000000, 0x0000000091000000| Untracked 
| 273|0x0000000091100000, 0x0000000091100000, 0x0000000091200000|  0%| F|  |TAMS 0x0000000091100000, 0x0000000091100000| Untracked 
| 274|0x0000000091200000, 0x0000000091200000, 0x0000000091300000|  0%| F|  |TAMS 0x0000000091200000, 0x0000000091200000| Untracked 
| 275|0x0000000091300000, 0x0000000091300000, 0x0000000091400000|  0%| F|  |TAMS 0x0000000091300000, 0x0000000091300000| Untracked 
| 276|0x0000000091400000, 0x0000000091400000, 0x0000000091500000|  0%| F|  |TAMS 0x0000000091400000, 0x0000000091400000| Untracked 
| 277|0x0000000091500000, 0x0000000091500000, 0x0000000091600000|  0%| F|  |TAMS 0x0000000091500000, 0x0000000091500000| Untracked 
| 278|0x0000000091600000, 0x0000000091600000, 0x0000000091700000|  0%| F|  |TAMS 0x0000000091600000, 0x0000000091600000| Untracked 
| 279|0x0000000091700000, 0x0000000091700000, 0x0000000091800000|  0%| F|  |TAMS 0x0000000091700000, 0x0000000091700000| Untracked 
| 280|0x0000000091800000, 0x0000000091800000, 0x0000000091900000|  0%| F|  |TAMS 0x0000000091800000, 0x0000000091800000| Untracked 
| 281|0x0000000091900000, 0x0000000091900000, 0x0000000091a00000|  0%| F|  |TAMS 0x0000000091900000, 0x0000000091900000| Untracked 
| 282|0x0000000091a00000, 0x0000000091a00000, 0x0000000091b00000|  0%| F|  |TAMS 0x0000000091a00000, 0x0000000091a00000| Untracked 
| 283|0x0000000091b00000, 0x0000000091b00000, 0x0000000091c00000|  0%| F|  |TAMS 0x0000000091b00000, 0x0000000091b00000| Untracked 
| 284|0x0000000091c00000, 0x0000000091c00000, 0x0000000091d00000|  0%| F|  |TAMS 0x0000000091c00000, 0x0000000091c00000| Untracked 
| 285|0x0000000091d00000, 0x0000000091d00000, 0x0000000091e00000|  0%| F|  |TAMS 0x0000000091d00000, 0x0000000091d00000| Untracked 
| 286|0x0000000091e00000, 0x0000000091e00000, 0x0000000091f00000|  0%| F|  |TAMS 0x0000000091e00000, 0x0000000091e00000| Untracked 
| 287|0x0000000091f00000, 0x0000000091f00000, 0x0000000092000000|  0%| F|  |TAMS 0x0000000091f00000, 0x0000000091f00000| Untracked 
| 288|0x0000000092000000, 0x0000000092000000, 0x0000000092100000|  0%| F|  |TAMS 0x0000000092000000, 0x0000000092000000| Untracked 
| 289|0x0000000092100000, 0x0000000092100000, 0x0000000092200000|  0%| F|  |TAMS 0x0000000092100000, 0x0000000092100000| Untracked 
| 290|0x0000000092200000, 0x0000000092200000, 0x0000000092300000|  0%| F|  |TAMS 0x0000000092200000, 0x0000000092200000| Untracked 
| 291|0x0000000092300000, 0x0000000092300000, 0x0000000092400000|  0%| F|  |TAMS 0x0000000092300000, 0x0000000092300000| Untracked 
| 292|0x0000000092400000, 0x0000000092400000, 0x0000000092500000|  0%| F|  |TAMS 0x0000000092400000, 0x0000000092400000| Untracked 
| 293|0x0000000092500000, 0x0000000092500000, 0x0000000092600000|  0%| F|  |TAMS 0x0000000092500000, 0x0000000092500000| Untracked 
| 294|0x0000000092600000, 0x0000000092600000, 0x0000000092700000|  0%| F|  |TAMS 0x0000000092600000, 0x0000000092600000| Untracked 
| 295|0x0000000092700000, 0x0000000092700000, 0x0000000092800000|  0%| F|  |TAMS 0x0000000092700000, 0x0000000092700000| Untracked 
| 296|0x0000000092800000, 0x0000000092800000, 0x0000000092900000|  0%| F|  |TAMS 0x0000000092800000, 0x0000000092800000| Untracked 

Card table byte_map: [0x000001f038470000,0x000001f038870000] _byte_map_base: 0x000001f038070000

Marking Bits (Prev, Next): (CMBitMap*) 0x000001f02022ccc0, (CMBitMap*) 0x000001f02022cd00
 Prev Bits: [0x000001f038c70000, 0x000001f03ac70000)
 Next Bits: [0x000001f03ac70000, 0x000001f03cc70000)

Polling page: 0x000001f01e000000

Metaspace:

Usage:
  Non-class:     92.93 MB used.
      Class:     14.63 MB used.
       Both:    107.56 MB used.

Virtual space:
  Non-class space:      128.00 MB reserved,      93.56 MB ( 73%) committed,  2 nodes.
      Class space:      416.00 MB reserved,      15.25 MB (  4%) committed,  1 nodes.
             Both:      544.00 MB reserved,     108.81 MB ( 20%) committed. 

Chunk freelists:
   Non-Class:  2.35 MB
       Class:  746.00 KB
        Both:  3.08 MB

MaxMetaspaceSize: 512.00 MB
CompressedClassSpaceSize: 416.00 MB
Initial GC threshold: 21.00 MB
Current GC threshold: 171.06 MB
CDS: on
MetaspaceReclaimPolicy: balanced
 - commit_granule_bytes: 65536.
 - commit_granule_words: 8192.
 - virtual_space_node_default_size: 8388608.
 - enlarge_chunks_in_place: 1.
 - new_chunks_are_fully_committed: 0.
 - uncommit_free_chunks: 1.
 - use_allocation_guard: 0.
 - handle_deallocations: 1.


Internal statistics:

num_allocs_failed_limit: 18.
num_arena_births: 1748.
num_arena_deaths: 0.
num_vsnodes_births: 3.
num_vsnodes_deaths: 0.
num_space_committed: 1739.
num_space_uncommitted: 0.
num_chunks_returned_to_freelist: 18.
num_chunks_taken_from_freelist: 6759.
num_chunk_merges: 18.
num_chunk_splits: 4318.
num_chunks_enlarged: 2614.
num_inconsistent_stats: 0.

CodeHeap 'non-profiled nmethods': size=120000Kb used=8372Kb max_used=8372Kb free=111627Kb
 bounds [0x000001f030b40000, 0x000001f031370000, 0x000001f038070000]
CodeHeap 'profiled nmethods': size=120000Kb used=28054Kb max_used=28412Kb free=91946Kb
 bounds [0x000001f029070000, 0x000001f02ac60000, 0x000001f0305a0000]
CodeHeap 'non-nmethods': size=5760Kb used=2396Kb max_used=2476Kb free=3363Kb
 bounds [0x000001f0305a0000, 0x000001f030810000, 0x000001f030b40000]
 total_blobs=14641 nmethods=13707 adapters=845
 compilation: enabled
              stopped_count=0, restarted_count=0
 full_count=0

Compilation events (20 events):
Event: 239.153 Thread 0x000001f03f131e80 nmethod 16141 0x000001f0292ab810 code [0x000001f0292aba20, 0x000001f0292ac1e8]
Event: 239.237 Thread 0x000001f03f131e80 16142       3       org.apache.commons.lang.StringUtils::splitWorker (385 bytes)
Event: 239.242 Thread 0x000001f03f131e80 nmethod 16142 0x000001f029218b10 code [0x000001f0292190e0, 0x000001f02921cec8]
Event: 239.243 Thread 0x000001f03f131e80 16144       1       org.gradle.internal.component.local.model.DefaultLocalConfigurationMetadata::getName (5 bytes)
Event: 239.243 Thread 0x000001f03f131e80 nmethod 16144 0x000001f03136c290 code [0x000001f03136c420, 0x000001f03136c4f8]
Event: 239.245 Thread 0x000001f03f131e80 16145       3       org.gradle.api.internal.artifacts.result.DefaultResolutionResult$$Lambda$2178/0x000001f041f3e948::execute (14 bytes)
Event: 239.246 Thread 0x000001f03f131e80 nmethod 16145 0x000001f029ed9890 code [0x000001f029ed9a40, 0x000001f029ed9d28]
Event: 239.254 Thread 0x000001f03f131e80 16146       1       org.gradle.api.internal.artifacts.result.AbstractDependencyResult::getFrom (5 bytes)
Event: 239.254 Thread 0x000001f03f131e80 nmethod 16146 0x000001f03136c590 code [0x000001f03136c720, 0x000001f03136c7f8]
Event: 239.254 Thread 0x000001f03f131e80 16148       3       kotlin.text.StringsKt__StringsKt::split$StringsKt__StringsKt (161 bytes)
Event: 239.256 Thread 0x000001f03f131e80 nmethod 16148 0x000001f029b2bf10 code [0x000001f029b2c260, 0x000001f029b2da28]
Event: 239.256 Thread 0x000001f03f131e80 16147       1       org.gradle.api.internal.artifacts.result.AbstractDependencyResult::getRequested (5 bytes)
Event: 239.256 Thread 0x000001f03f131e80 nmethod 16147 0x000001f03136c890 code [0x000001f03136ca20, 0x000001f03136caf8]
Event: 239.256 Thread 0x000001f03f131e80 16149       1       com.google.android.gms.dependencies.Artifact::getGroupId (5 bytes)
Event: 239.257 Thread 0x000001f03f131e80 nmethod 16149 0x000001f03136cb90 code [0x000001f03136cd20, 0x000001f03136cdf8]
Event: 239.257 Thread 0x000001f03f131e80 16151       3       org.gradle.internal.component.external.model.DefaultModuleComponentIdentifier::getDisplayName (87 bytes)
Event: 239.258 Thread 0x000001f03f131e80 nmethod 16151 0x000001f029b9d710 code [0x000001f029b9d9c0, 0x000001f029b9e4d8]
Event: 239.258 Thread 0x000001f03f131e80 16150       1       com.google.android.gms.dependencies.Dependency::getToArtifact (5 bytes)
Event: 239.258 Thread 0x000001f03f131e80 nmethod 16150 0x000001f03136ce90 code [0x000001f03136d020, 0x000001f03136d0f8]
Event: 239.258 Thread 0x000001f03f131e80 16152       1       com.google.android.gms.dependencies.ArtifactVersion::getVersion (5 bytes)

GC Heap History (20 events):
Event: 87.616 GC heap after
{Heap after GC invocations=76 (full 0):
 garbage-first heap   total 233472K, used 171643K [0x0000000080000000, 0x0000000100000000)
  region size 1024K, 4 young (4096K), 4 survivors (4096K)
 Metaspace       used 96967K, committed 98112K, reserved 557056K
  class space    used 13605K, committed 14144K, reserved 425984K
}
Event: 88.949 GC heap before
{Heap before GC invocations=76 (full 0):
 garbage-first heap   total 233472K, used 198267K [0x0000000080000000, 0x0000000100000000)
  region size 1024K, 26 young (26624K), 4 survivors (4096K)
 Metaspace       used 98703K, committed 99904K, reserved 557056K
  class space    used 13708K, committed 14272K, reserved 425984K
}
Event: 88.960 GC heap after
{Heap after GC invocations=77 (full 0):
 garbage-first heap   total 233472K, used 175774K [0x0000000080000000, 0x0000000100000000)
  region size 1024K, 4 young (4096K), 4 survivors (4096K)
 Metaspace       used 98703K, committed 99904K, reserved 557056K
  class space    used 13708K, committed 14272K, reserved 425984K
}
Event: 89.821 GC heap before
{Heap before GC invocations=77 (full 0):
 garbage-first heap   total 233472K, used 194206K [0x0000000080000000, 0x0000000100000000)
  region size 1024K, 23 young (23552K), 4 survivors (4096K)
 Metaspace       used 100596K, committed 101632K, reserved 557056K
  class space    used 13922K, committed 14400K, reserved 425984K
}
Event: 89.827 GC heap after
{Heap after GC invocations=78 (full 0):
 garbage-first heap   total 233472K, used 176817K [0x0000000080000000, 0x0000000100000000)
  region size 1024K, 1 young (1024K), 1 survivors (1024K)
 Metaspace       used 100596K, committed 101632K, reserved 557056K
  class space    used 13922K, committed 14400K, reserved 425984K
}
Event: 90.060 GC heap before
{Heap before GC invocations=78 (full 0):
 garbage-first heap   total 233472K, used 186033K [0x0000000080000000, 0x0000000100000000)
  region size 1024K, 12 young (12288K), 1 survivors (1024K)
 Metaspace       used 101865K, committed 102976K, reserved 557056K
  class space    used 14012K, committed 14528K, reserved 425984K
}
Event: 90.063 GC heap after
{Heap after GC invocations=79 (full 0):
 garbage-first heap   total 233472K, used 176498K [0x0000000080000000, 0x0000000100000000)
  region size 1024K, 1 young (1024K), 1 survivors (1024K)
 Metaspace       used 101865K, committed 102976K, reserved 557056K
  class space    used 14012K, committed 14528K, reserved 425984K
}
Event: 216.879 GC heap before
{Heap before GC invocations=80 (full 0):
 garbage-first heap   total 304128K, used 188786K [0x0000000080000000, 0x0000000100000000)
  region size 1024K, 18 young (18432K), 1 survivors (1024K)
 Metaspace       used 103234K, committed 104320K, reserved 557056K
  class space    used 14099K, committed 14592K, reserved 425984K
}
Event: 216.884 GC heap after
{Heap after GC invocations=81 (full 0):
 garbage-first heap   total 304128K, used 173264K [0x0000000080000000, 0x0000000100000000)
  region size 1024K, 2 young (2048K), 2 survivors (2048K)
 Metaspace       used 103234K, committed 104320K, reserved 557056K
  class space    used 14099K, committed 14592K, reserved 425984K
}
Event: 217.030 GC heap before
{Heap before GC invocations=81 (full 0):
 garbage-first heap   total 304128K, used 185552K [0x0000000080000000, 0x0000000100000000)
  region size 1024K, 14 young (14336K), 2 survivors (2048K)
 Metaspace       used 103279K, committed 104384K, reserved 557056K
  class space    used 14103K, committed 14592K, reserved 425984K
}
Event: 217.045 GC heap after
{Heap after GC invocations=82 (full 0):
 garbage-first heap   total 304128K, used 163701K [0x0000000080000000, 0x0000000100000000)
  region size 1024K, 2 young (2048K), 2 survivors (2048K)
 Metaspace       used 103279K, committed 104384K, reserved 557056K
  class space    used 14103K, committed 14592K, reserved 425984K
}
Event: 232.541 GC heap before
{Heap before GC invocations=82 (full 0):
 garbage-first heap   total 304128K, used 237429K [0x0000000080000000, 0x0000000100000000)
  region size 1024K, 75 young (76800K), 2 survivors (2048K)
 Metaspace       used 103847K, committed 105088K, reserved 557056K
  class space    used 14151K, committed 14720K, reserved 425984K
}
Event: 232.562 GC heap after
{Heap after GC invocations=83 (full 0):
 garbage-first heap   total 304128K, used 177317K [0x0000000080000000, 0x0000000100000000)
  region size 1024K, 10 young (10240K), 10 survivors (10240K)
 Metaspace       used 103847K, committed 105088K, reserved 557056K
  class space    used 14151K, committed 14720K, reserved 425984K
}
Event: 235.212 GC heap before
{Heap before GC invocations=84 (full 0):
 garbage-first heap   total 304128K, used 240805K [0x0000000080000000, 0x0000000100000000)
  region size 1024K, 73 young (74752K), 10 survivors (10240K)
 Metaspace       used 104207K, committed 105472K, reserved 557056K
  class space    used 14181K, committed 14784K, reserved 425984K
}
Event: 235.266 GC heap after
{Heap after GC invocations=85 (full 0):
 garbage-first heap   total 304128K, used 189886K [0x0000000080000000, 0x0000000100000000)
  region size 1024K, 10 young (10240K), 10 survivors (10240K)
 Metaspace       used 104207K, committed 105472K, reserved 557056K
  class space    used 14181K, committed 14784K, reserved 425984K
}
Event: 235.347 GC heap before
{Heap before GC invocations=85 (full 0):
 garbage-first heap   total 304128K, used 193982K [0x0000000080000000, 0x0000000100000000)
  region size 1024K, 14 young (14336K), 10 survivors (10240K)
 Metaspace       used 104218K, committed 105472K, reserved 557056K
  class space    used 14183K, committed 14784K, reserved 425984K
}
Event: 235.457 GC heap after
{Heap after GC invocations=86 (full 0):
 garbage-first heap   total 304128K, used 169414K [0x0000000080000000, 0x0000000100000000)
  region size 1024K, 2 young (2048K), 2 survivors (2048K)
 Metaspace       used 104218K, committed 105472K, reserved 557056K
  class space    used 14183K, committed 14784K, reserved 425984K
}
Event: 236.066 GC heap before
{Heap before GC invocations=86 (full 0):
 garbage-first heap   total 304128K, used 181702K [0x0000000080000000, 0x0000000100000000)
  region size 1024K, 14 young (14336K), 2 survivors (2048K)
 Metaspace       used 104877K, committed 106112K, reserved 557056K
  class space    used 14271K, committed 14848K, reserved 425984K
}
Event: 236.088 GC heap after
{Heap after GC invocations=87 (full 0):
 garbage-first heap   total 304128K, used 166400K [0x0000000080000000, 0x0000000100000000)
  region size 1024K, 2 young (2048K), 2 survivors (2048K)
 Metaspace       used 104877K, committed 106112K, reserved 557056K
  class space    used 14271K, committed 14848K, reserved 425984K
}
Event: 239.258 GC heap before
{Heap before GC invocations=87 (full 0):
 garbage-first heap   total 304128K, used 236032K [0x0000000080000000, 0x0000000100000000)
  region size 1024K, 71 young (72704K), 2 survivors (2048K)
 Metaspace       used 110140K, committed 111424K, reserved 557056K
  class space    used 14984K, committed 15616K, reserved 425984K
}

Dll operation events (15 events):
Event: 0.116 Loaded shared library C:\Program Files\OpenLogic\jdk-17.0.10.7-hotspot\bin\java.dll
Event: 0.191 Loaded shared library C:\Program Files\OpenLogic\jdk-17.0.10.7-hotspot\bin\jsvml.dll
Event: 0.476 Loaded shared library C:\Program Files\OpenLogic\jdk-17.0.10.7-hotspot\bin\zip.dll
Event: 0.490 Loaded shared library C:\Program Files\OpenLogic\jdk-17.0.10.7-hotspot\bin\instrument.dll
Event: 0.499 Loaded shared library C:\Program Files\OpenLogic\jdk-17.0.10.7-hotspot\bin\net.dll
Event: 0.502 Loaded shared library C:\Program Files\OpenLogic\jdk-17.0.10.7-hotspot\bin\nio.dll
Event: 0.509 Loaded shared library C:\Program Files\OpenLogic\jdk-17.0.10.7-hotspot\bin\zip.dll
Event: 1.918 Loaded shared library C:\Program Files\OpenLogic\jdk-17.0.10.7-hotspot\bin\jimage.dll
Event: 2.254 Loaded shared library C:\Program Files\OpenLogic\jdk-17.0.10.7-hotspot\bin\verify.dll
Event: 3.447 Loaded shared library C:\Users\dell\.gradle\native\c067742578af261105cb4f569cf0c3c89f3d7b1fecec35dd04571415982c5e48\windows-amd64\native-platform.dll
Event: 3.465 Loaded shared library C:\Users\dell\.gradle\native\38dada09dfb8b06ba9b0570ebf7e218e3eb74d4ef43ca46872605cf95ebc2f47\windows-amd64\native-platform-file-events.dll
Event: 7.250 Loaded shared library C:\Program Files\OpenLogic\jdk-17.0.10.7-hotspot\bin\management.dll
Event: 7.254 Loaded shared library C:\Program Files\OpenLogic\jdk-17.0.10.7-hotspot\bin\management_ext.dll
Event: 8.174 Loaded shared library C:\Program Files\OpenLogic\jdk-17.0.10.7-hotspot\bin\extnet.dll
Event: 9.333 Loaded shared library C:\Program Files\OpenLogic\jdk-17.0.10.7-hotspot\bin\sunmscapi.dll

Deoptimization events (20 events):
Event: 239.067 Thread 0x000001f063c8b680 Uncommon trap: trap_request=0xffffffc6 fr.pc=0x000001f0313670ac relative=0x0000000000001e6c
Event: 239.067 Thread 0x000001f063c8b680 Uncommon trap: reason=bimorphic_or_optimized_type_check action=maybe_recompile pc=0x000001f0313670ac method=org.gradle.api.internal.artifacts.ivyservice.resolveengine.graph.builder.DependencyState.isDependencyForced()Z @ 17 c2
Event: 239.067 Thread 0x000001f063c8b680 DEOPT PACKING pc=0x000001f0313670ac sp=0x0000000f184f9130
Event: 239.067 Thread 0x000001f063c8b680 DEOPT UNPACKING pc=0x000001f0305f69a3 sp=0x0000000f184f9080 mode 2
Event: 239.072 Thread 0x000001f063c8b680 Uncommon trap: trap_request=0xffffffde fr.pc=0x000001f031367630 relative=0x00000000000023f0
Event: 239.072 Thread 0x000001f063c8b680 Uncommon trap: reason=class_check action=maybe_recompile pc=0x000001f031367630 method=org.gradle.api.internal.artifacts.ivyservice.resolveengine.graph.builder.DependencyState.isFromLock()Z @ 14 c2
Event: 239.072 Thread 0x000001f063c8b680 DEOPT PACKING pc=0x000001f031367630 sp=0x0000000f184f9180
Event: 239.072 Thread 0x000001f063c8b680 DEOPT UNPACKING pc=0x000001f0305f69a3 sp=0x0000000f184f9140 mode 2
Event: 239.072 Thread 0x000001f063c8b680 Uncommon trap: trap_request=0xffffffc6 fr.pc=0x000001f0313670ac relative=0x0000000000001e6c
Event: 239.072 Thread 0x000001f063c8b680 Uncommon trap: reason=bimorphic_or_optimized_type_check action=maybe_recompile pc=0x000001f0313670ac method=org.gradle.api.internal.artifacts.ivyservice.resolveengine.graph.builder.DependencyState.isDependencyForced()Z @ 17 c2
Event: 239.072 Thread 0x000001f063c8b680 DEOPT PACKING pc=0x000001f0313670ac sp=0x0000000f184f9180
Event: 239.115 Thread 0x000001f063c8b680 DEOPT UNPACKING pc=0x000001f0305f69a3 sp=0x0000000f184f90d0 mode 2
Event: 239.115 Thread 0x000001f063c8b680 Uncommon trap: trap_request=0xffffffde fr.pc=0x000001f031367630 relative=0x00000000000023f0
Event: 239.115 Thread 0x000001f063c8b680 Uncommon trap: reason=class_check action=maybe_recompile pc=0x000001f031367630 method=org.gradle.api.internal.artifacts.ivyservice.resolveengine.graph.builder.DependencyState.isFromLock()Z @ 14 c2
Event: 239.115 Thread 0x000001f063c8b680 DEOPT PACKING pc=0x000001f031367630 sp=0x0000000f184f9180
Event: 239.115 Thread 0x000001f063c8b680 DEOPT UNPACKING pc=0x000001f0305f69a3 sp=0x0000000f184f9140 mode 2
Event: 239.117 Thread 0x000001f063c8b680 Uncommon trap: trap_request=0xffffff45 fr.pc=0x000001f0313669e4 relative=0x00000000000017a4
Event: 239.117 Thread 0x000001f063c8b680 Uncommon trap: reason=unstable_if action=reinterpret pc=0x000001f0313669e4 method=org.gradle.api.internal.artifacts.ivyservice.resolveengine.graph.builder.DependencyState.addMainReason(Ljava/util/List;)V @ 9 c2
Event: 239.117 Thread 0x000001f063c8b680 DEOPT PACKING pc=0x000001f0313669e4 sp=0x0000000f184f9130
Event: 239.117 Thread 0x000001f063c8b680 DEOPT UNPACKING pc=0x000001f0305f69a3 sp=0x0000000f184f9070 mode 2

Classes unloaded (0 events):
No events

Classes redefined (0 events):
No events

Internal exceptions (20 events):
Event: 216.738 Thread 0x000001f063c8b680 Exception <a 'sun/nio/fs/WindowsException'{0x00000000922d2388}> (0x00000000922d2388) 
thrown [s\src\hotspot\share\prims\jni.cpp, line 516]
Event: 216.964 Thread 0x000001f063c8b680 Exception <a 'sun/nio/fs/WindowsException'{0x0000000091b3df70}> (0x0000000091b3df70) 
thrown [s\src\hotspot\share\prims\jni.cpp, line 516]
Event: 216.964 Thread 0x000001f063c8b680 Exception <a 'sun/nio/fs/WindowsException'{0x0000000091b3e260}> (0x0000000091b3e260) 
thrown [s\src\hotspot\share\prims\jni.cpp, line 516]
Event: 216.964 Thread 0x000001f063c8b680 Exception <a 'sun/nio/fs/WindowsException'{0x0000000091b40fb8}> (0x0000000091b40fb8) 
thrown [s\src\hotspot\share\prims\jni.cpp, line 516]
Event: 216.964 Thread 0x000001f063c8b680 Exception <a 'sun/nio/fs/WindowsException'{0x0000000091b413a0}> (0x0000000091b413a0) 
thrown [s\src\hotspot\share\prims\jni.cpp, line 516]
Event: 216.965 Thread 0x000001f063c8b680 Exception <a 'sun/nio/fs/WindowsException'{0x0000000091b46718}> (0x0000000091b46718) 
thrown [s\src\hotspot\share\prims\jni.cpp, line 516]
Event: 216.965 Thread 0x000001f063c8b680 Exception <a 'sun/nio/fs/WindowsException'{0x0000000091b46d68}> (0x0000000091b46d68) 
thrown [s\src\hotspot\share\prims\jni.cpp, line 516]
Event: 219.138 Thread 0x000001f060cb78a0 Exception <a 'sun/nio/fs/WindowsException'{0x00000000912e1cb0}> (0x00000000912e1cb0) 
thrown [s\src\hotspot\share\prims\jni.cpp, line 516]
Event: 219.139 Thread 0x000001f060cb78a0 Exception <a 'sun/nio/fs/WindowsException'{0x00000000912e3d38}> (0x00000000912e3d38) 
thrown [s\src\hotspot\share\prims\jni.cpp, line 516]
Event: 219.139 Thread 0x000001f060cb78a0 Exception <a 'sun/nio/fs/WindowsException'{0x00000000912e5d20}> (0x00000000912e5d20) 
thrown [s\src\hotspot\share\prims\jni.cpp, line 516]
Event: 219.139 Thread 0x000001f060cb78a0 Exception <a 'sun/nio/fs/WindowsException'{0x00000000912e7980}> (0x00000000912e7980) 
thrown [s\src\hotspot\share\prims\jni.cpp, line 516]
Event: 219.345 Thread 0x000001f063c8b680 Exception <a 'sun/nio/fs/WindowsException'{0x0000000090893f68}> (0x0000000090893f68) 
thrown [s\src\hotspot\share\prims\jni.cpp, line 516]
Event: 235.471 Thread 0x000001f063c8b680 Implicit null exception at 0x000001f0311031ef to 0x000001f031108940
Event: 236.352 Thread 0x000001f063c8b680 Exception <a 'sun/nio/fs/WindowsException'{0x0000000092018d50}> (0x0000000092018d50) 
thrown [s\src\hotspot\share\prims\jni.cpp, line 516]
Event: 236.872 Thread 0x000001f063c8b680 Exception <a 'java/lang/NullPointerException'{0x00000000912cdde0}> (0x00000000912cdde0) 
thrown [s\src\hotspot\share\interpreter\linkResolver.cpp, line 1433]
Event: 237.152 Thread 0x000001f063c8b680 Implicit null exception at 0x000001f030cad5b5 to 0x000001f030caebcc
Event: 237.840 Thread 0x000001f063c8b680 Exception <a 'sun/nio/fs/WindowsException'{0x000000008fdc0fb8}> (0x000000008fdc0fb8) 
thrown [s\src\hotspot\share\prims\jni.cpp, line 516]
Event: 237.840 Thread 0x000001f063c8b680 Exception <a 'sun/nio/fs/WindowsException'{0x000000008fdc25f8}> (0x000000008fdc25f8) 
thrown [s\src\hotspot\share\prims\jni.cpp, line 516]
Event: 237.841 Thread 0x000001f063c8b680 Exception <a 'sun/nio/fs/WindowsException'{0x000000008fdc3c88}> (0x000000008fdc3c88) 
thrown [s\src\hotspot\share\prims\jni.cpp, line 516]
Event: 237.841 Thread 0x000001f063c8b680 Exception <a 'sun/nio/fs/WindowsException'{0x000000008fdc5318}> (0x000000008fdc5318) 
thrown [s\src\hotspot\share\prims\jni.cpp, line 516]

VM Operations (20 events):
Event: 233.729 Executing VM operation: HandshakeAllThreads done
Event: 234.558 Executing VM operation: ICBufferFull
Event: 234.558 Executing VM operation: ICBufferFull done
Event: 235.212 Executing VM operation: G1CollectForAllocation
Event: 235.266 Executing VM operation: G1CollectForAllocation done
Event: 235.347 Executing VM operation: G1CollectForAllocation
Event: 235.457 Executing VM operation: G1CollectForAllocation done
Event: 236.066 Executing VM operation: G1CollectForAllocation
Event: 236.088 Executing VM operation: G1CollectForAllocation done
Event: 236.738 Executing VM operation: HandshakeAllThreads
Event: 236.738 Executing VM operation: HandshakeAllThreads done
Event: 237.718 Executing VM operation: HandshakeAllThreads
Event: 237.718 Executing VM operation: HandshakeAllThreads done
Event: 237.718 Executing VM operation: Cleanup
Event: 237.719 Executing VM operation: Cleanup done
Event: 237.893 Executing VM operation: HandshakeAllThreads
Event: 237.893 Executing VM operation: HandshakeAllThreads done
Event: 238.888 Executing VM operation: Cleanup
Event: 238.888 Executing VM operation: Cleanup done
Event: 239.258 Executing VM operation: G1CollectForAllocation

Events (20 events):
Event: 237.828 loading class jdk/internal/reflect/UnsafeIntegerFieldAccessorImpl
Event: 237.828 loading class jdk/internal/reflect/UnsafeIntegerFieldAccessorImpl done
Event: 237.830 loading class com/sun/org/apache/xerces/internal/impl/io/MalformedByteSequenceException
Event: 237.830 loading class java/io/CharConversionException
Event: 237.830 loading class java/io/CharConversionException done
Event: 237.830 loading class com/sun/org/apache/xerces/internal/impl/io/MalformedByteSequenceException done
Event: 237.842 loading class java/util/EnumMap$EntrySet
Event: 237.842 loading class java/util/EnumMap$EntrySet done
Event: 237.842 loading class java/util/EnumMap$EntryIterator
Event: 237.843 loading class java/util/EnumMap$EnumMapIterator
Event: 237.843 loading class java/util/EnumMap$EnumMapIterator done
Event: 237.843 loading class java/util/EnumMap$EntryIterator done
Event: 237.843 loading class java/util/EnumMap$EntryIterator$Entry
Event: 237.844 loading class java/util/EnumMap$EntryIterator$Entry done
Event: 237.886 loading class jdk/internal/reflect/UnsafeBooleanFieldAccessorImpl
Event: 237.887 loading class jdk/internal/reflect/UnsafeBooleanFieldAccessorImpl done
Event: 238.313 loading class java/io/CharArrayWriter
Event: 238.314 loading class java/io/CharArrayWriter done
Event: 238.324 loading class java/io/SequenceInputStream
Event: 238.325 loading class java/io/SequenceInputStream done


Dynamic libraries:
0x00007ff6bf810000 - 0x00007ff6bf81e000 	C:\Program Files\OpenLogic\jdk-17.0.10.7-hotspot\bin\java.exe
0x00007fff66870000 - 0x00007fff66a68000 	C:\Windows\SYSTEM32\ntdll.dll
0x00007fff66400000 - 0x00007fff664c1000 	C:\Windows\System32\KERNEL32.DLL
0x00007fff643a0000 - 0x00007fff6469d000 	C:\Windows\System32\KERNELBASE.dll
0x00007fff642a0000 - 0x00007fff643a0000 	C:\Windows\System32\ucrtbase.dll
0x00007fff4d440000 - 0x00007fff4d45b000 	C:\Program Files\OpenLogic\jdk-17.0.10.7-hotspot\bin\VCRUNTIME140.dll
0x00007fff4d460000 - 0x00007fff4d477000 	C:\Program Files\OpenLogic\jdk-17.0.10.7-hotspot\bin\jli.dll
0x00007fff65620000 - 0x00007fff657bd000 	C:\Windows\System32\USER32.dll
0x00007fff64140000 - 0x00007fff64162000 	C:\Windows\System32\win32u.dll
0x00007fff64c40000 - 0x00007fff64c6b000 	C:\Windows\System32\GDI32.dll
0x00007fff64780000 - 0x00007fff64897000 	C:\Windows\System32\gdi32full.dll
0x00007fff64170000 - 0x00007fff6420d000 	C:\Windows\System32\msvcp_win.dll
0x00007fff50b40000 - 0x00007fff50dda000 	C:\Windows\WinSxS\amd64_microsoft.windows.common-controls_6595b64144ccf1df_6.0.19041.4355_none_60b8b9eb71f62e16\COMCTL32.dll
0x00007fff64ba0000 - 0x00007fff64c3e000 	C:\Windows\System32\msvcrt.dll
0x00007fff655f0000 - 0x00007fff6561f000 	C:\Windows\System32\IMM32.DLL
0x00007fff4d430000 - 0x00007fff4d43c000 	C:\Program Files\OpenLogic\jdk-17.0.10.7-hotspot\bin\vcruntime140_1.dll
0x00007fff31d40000 - 0x00007fff31dcd000 	C:\Program Files\OpenLogic\jdk-17.0.10.7-hotspot\bin\msvcp140.dll
0x00007ffea5460000 - 0x00007ffea60c2000 	C:\Program Files\OpenLogic\jdk-17.0.10.7-hotspot\bin\server\jvm.dll
0x00007fff65ab0000 - 0x00007fff65b60000 	C:\Windows\System32\ADVAPI32.dll
0x00007fff64e30000 - 0x00007fff64ed0000 	C:\Windows\System32\sechost.dll
0x00007fff65b60000 - 0x00007fff65c83000 	C:\Windows\System32\RPCRT4.dll
0x00007fff64750000 - 0x00007fff64777000 	C:\Windows\System32\bcrypt.dll
0x00007fff63d70000 - 0x00007fff63dbb000 	C:\Windows\SYSTEM32\POWRPROF.dll
0x00007fff46be0000 - 0x00007fff46be9000 	C:\Windows\SYSTEM32\WSOCK32.dll
0x00007fff64ed0000 - 0x00007fff64f3b000 	C:\Windows\System32\WS2_32.dll
0x00007fff40310000 - 0x00007fff40337000 	C:\Windows\SYSTEM32\WINMM.dll
0x00007fff5cf00000 - 0x00007fff5cf0a000 	C:\Windows\SYSTEM32\VERSION.dll
0x00007fff63d50000 - 0x00007fff63d62000 	C:\Windows\SYSTEM32\UMPDC.dll
0x00007fff626f0000 - 0x00007fff62702000 	C:\Windows\SYSTEM32\kernel.appcore.dll
0x00007fff4d420000 - 0x00007fff4d42a000 	C:\Program Files\OpenLogic\jdk-17.0.10.7-hotspot\bin\jimage.dll
0x00007fff61af0000 - 0x00007fff61cd4000 	C:\Windows\SYSTEM32\DBGHELP.DLL
0x00007fff401d0000 - 0x00007fff40204000 	C:\Windows\SYSTEM32\dbgcore.DLL
0x00007fff64210000 - 0x00007fff64292000 	C:\Windows\System32\bcryptPrimitives.dll
0x00007fff39540000 - 0x00007fff3954e000 	C:\Program Files\OpenLogic\jdk-17.0.10.7-hotspot\bin\instrument.dll
0x00007fff46d80000 - 0x00007fff46da5000 	C:\Program Files\OpenLogic\jdk-17.0.10.7-hotspot\bin\java.dll
0x00007fff31c60000 - 0x00007fff31d36000 	C:\Program Files\OpenLogic\jdk-17.0.10.7-hotspot\bin\jsvml.dll
0x00007fff65c90000 - 0x00007fff663ff000 	C:\Windows\System32\SHELL32.dll
0x00007fff61f40000 - 0x00007fff626df000 	C:\Windows\SYSTEM32\windows.storage.dll
0x00007fff664d0000 - 0x00007fff66823000 	C:\Windows\System32\combase.dll
0x00007fff63790000 - 0x00007fff637be000 	C:\Windows\SYSTEM32\Wldp.dll
0x00007fff64c70000 - 0x00007fff64d3d000 	C:\Windows\System32\OLEAUT32.dll
0x00007fff65a00000 - 0x00007fff65aad000 	C:\Windows\System32\SHCORE.dll
0x00007fff65880000 - 0x00007fff658d5000 	C:\Windows\System32\shlwapi.dll
0x00007fff63e50000 - 0x00007fff63e74000 	C:\Windows\SYSTEM32\profapi.dll
0x00007fff408d0000 - 0x00007fff408e8000 	C:\Program Files\OpenLogic\jdk-17.0.10.7-hotspot\bin\zip.dll
0x00007fff46d60000 - 0x00007fff46d79000 	C:\Program Files\OpenLogic\jdk-17.0.10.7-hotspot\bin\net.dll
0x00007fff59a20000 - 0x00007fff59b2d000 	C:\Windows\SYSTEM32\WINHTTP.dll
0x00007fff63570000 - 0x00007fff635da000 	C:\Windows\system32\mswsock.dll
0x00007fff46d40000 - 0x00007fff46d56000 	C:\Program Files\OpenLogic\jdk-17.0.10.7-hotspot\bin\nio.dll
0x00007fff46d30000 - 0x00007fff46d40000 	C:\Program Files\OpenLogic\jdk-17.0.10.7-hotspot\bin\verify.dll
0x00007fff36940000 - 0x00007fff36967000 	C:\Users\dell\.gradle\native\c067742578af261105cb4f569cf0c3c89f3d7b1fecec35dd04571415982c5e48\windows-amd64\native-platform.dll
0x00007fff23e00000 - 0x00007fff23f44000 	C:\Users\dell\.gradle\native\38dada09dfb8b06ba9b0570ebf7e218e3eb74d4ef43ca46872605cf95ebc2f47\windows-amd64\native-platform-file-events.dll
0x00007fff408b0000 - 0x00007fff408b9000 	C:\Program Files\OpenLogic\jdk-17.0.10.7-hotspot\bin\management.dll
0x00007fff3b9d0000 - 0x00007fff3b9db000 	C:\Program Files\OpenLogic\jdk-17.0.10.7-hotspot\bin\management_ext.dll
0x00007fff649d0000 - 0x00007fff649d8000 	C:\Windows\System32\PSAPI.DLL
0x00007fff63b00000 - 0x00007fff63b18000 	C:\Windows\SYSTEM32\CRYPTSP.dll
0x00007fff62eb0000 - 0x00007fff62ee4000 	C:\Windows\system32\rsaenh.dll
0x00007fff63e00000 - 0x00007fff63e2e000 	C:\Windows\SYSTEM32\USERENV.dll
0x00007fff63700000 - 0x00007fff6370c000 	C:\Windows\SYSTEM32\CRYPTBASE.dll
0x00007fff63270000 - 0x00007fff632ab000 	C:\Windows\SYSTEM32\IPHLPAPI.DLL
0x00007fff64b70000 - 0x00007fff64b78000 	C:\Windows\System32\NSI.dll
0x00007fff5bad0000 - 0x00007fff5bae7000 	C:\Windows\SYSTEM32\dhcpcsvc6.DLL
0x00007fff5ba90000 - 0x00007fff5baad000 	C:\Windows\SYSTEM32\dhcpcsvc.DLL
0x00007fff632b0000 - 0x00007fff6337a000 	C:\Windows\SYSTEM32\DNSAPI.dll
0x00007fff3b9c0000 - 0x00007fff3b9c8000 	C:\Program Files\OpenLogic\jdk-17.0.10.7-hotspot\bin\extnet.dll
0x00007fff39530000 - 0x00007fff3953e000 	C:\Program Files\OpenLogic\jdk-17.0.10.7-hotspot\bin\sunmscapi.dll
0x00007fff63fe0000 - 0x00007fff6413e000 	C:\Windows\System32\CRYPT32.dll
0x00007fff63800000 - 0x00007fff63829000 	C:\Windows\SYSTEM32\ncrypt.dll
0x00007fff637c0000 - 0x00007fff637fb000 	C:\Windows\SYSTEM32\NTASN1.dll
0x00007fff268b0000 - 0x00007fff268b7000 	C:\Windows\system32\wshunix.dll
0x00007fff3b860000 - 0x00007fff3b877000 	C:\Windows\system32\napinsp.dll
0x00007fff33c80000 - 0x00007fff33c9b000 	C:\Windows\system32\pnrpnsp.dll
0x00007fff5ffd0000 - 0x00007fff5ffe5000 	C:\Windows\system32\wshbth.dll
0x00007fff5e860000 - 0x00007fff5e87d000 	C:\Windows\system32\NLAapi.dll
0x00007fff33c60000 - 0x00007fff33c72000 	C:\Windows\System32\winrnr.dll
0x00007fff5cf10000 - 0x00007fff5cf1a000 	C:\Windows\System32\rasadhlp.dll
0x00007fff59670000 - 0x00007fff596f0000 	C:\Windows\System32\fwpuclnt.dll

dbghelp: loaded successfully - version: 4.0.5 - missing functions: none
symbol engine: initialized successfully - sym options: 0x614 - pdb path: .;C:\Program Files\OpenLogic\jdk-17.0.10.7-hotspot\bin;C:\Windows\SYSTEM32;C:\Windows\WinSxS\amd64_microsoft.windows.common-controls_6595b64144ccf1df_6.0.19041.4355_none_60b8b9eb71f62e16;C:\Program Files\OpenLogic\jdk-17.0.10.7-hotspot\bin\server;C:\Users\dell\.gradle\native\c067742578af261105cb4f569cf0c3c89f3d7b1fecec35dd04571415982c5e48\windows-amd64;C:\Users\dell\.gradle\native\38dada09dfb8b06ba9b0570ebf7e218e3eb74d4ef43ca46872605cf95ebc2f47\windows-amd64

VM Arguments:
jvm_args: -XX:MaxMetaspaceSize=512m --add-opens=java.base/java.util=ALL-UNNAMED --add-opens=java.base/java.lang=ALL-UNNAMED --add-opens=java.base/java.lang.invoke=ALL-UNNAMED --add-opens=java.prefs/java.util.prefs=ALL-UNNAMED --add-opens=java.base/java.nio.charset=ALL-UNNAMED --add-opens=java.base/java.net=ALL-UNNAMED --add-opens=java.base/java.util.concurrent.atomic=ALL-UNNAMED -Xmx2048m -Dfile.encoding=windows-1252 -Duser.country=US -Duser.language=en -Duser.variant -javaagent:C:\Users\dell\.gradle\wrapper\dists\gradle-8.6-all\3mbtmo166bl6vumsh5k2lkq5h\gradle-8.6\lib\agents\gradle-instrumentation-agent-8.6.jar 
java_command: org.gradle.launcher.daemon.bootstrap.GradleDaemon 8.6
java_class_path (initial): C:\Users\dell\.gradle\wrapper\dists\gradle-8.6-all\3mbtmo166bl6vumsh5k2lkq5h\gradle-8.6\lib\gradle-launcher-8.6.jar
Launcher Type: SUN_STANDARD

[Global flags]
     intx CICompilerCount                          = 3                                         {product} {ergonomic}
   size_t CompressedClassSpaceSize                 = 436207616                                 {product} {ergonomic}
     uint ConcGCThreads                            = 1                                         {product} {ergonomic}
     uint G1ConcRefinementThreads                  = 4                                         {product} {ergonomic}
   size_t G1HeapRegionSize                         = 1048576                                   {product} {ergonomic}
    uintx GCDrainStackTargetSize                   = 64                                        {product} {ergonomic}
   size_t InitialHeapSize                          = 130023424                                 {product} {ergonomic}
   size_t MarkStackSize                            = 4194304                                   {product} {ergonomic}
   size_t MaxHeapSize                              = 2147483648                                {product} {command line}
   size_t MaxMetaspaceSize                         = 536870912                                 {product} {command line}
   size_t MaxNewSize                               = 1287651328                                {product} {ergonomic}
   size_t MinHeapDeltaBytes                        = 1048576                                   {product} {ergonomic}
   size_t MinHeapSize                              = 8388608                                   {product} {ergonomic}
    uintx NonNMethodCodeHeapSize                   = 5832780                                {pd product} {ergonomic}
    uintx NonProfiledCodeHeapSize                  = 122912730                              {pd product} {ergonomic}
    uintx ProfiledCodeHeapSize                     = 122912730                              {pd product} {ergonomic}
    uintx ReservedCodeCacheSize                    = 251658240                              {pd product} {ergonomic}
     bool SegmentedCodeCache                       = true                                      {product} {ergonomic}
   size_t SoftMaxHeapSize                          = 2147483648                             {manageable} {ergonomic}
     bool UseCompressedClassPointers               = true                           {product lp64_product} {ergonomic}
     bool UseCompressedOops                        = true                           {product lp64_product} {ergonomic}
     bool UseG1GC                                  = true                                      {product} {ergonomic}
     bool UseLargePagesIndividualAllocation        = false                                  {pd product} {ergonomic}

Logging:
Log output configuration:
 #0: stdout all=warning uptime,level,tags
 #1: stderr all=off uptime,level,tags

Environment Variables:
JAVA_HOME=C:\Program Files\OpenLogic\jdk-17.0.10.7-hotspot
CLASSPATH=E:\FinalYearProject\BreastCancerDetection\android\\gradle\wrapper\gradle-wrapper.jar
PATH=C:\Program Files\OpenLogic\jdk-17.0.10.7-hotspot\bin;C:\Program Files\Eclipse Adoptium\jdk-11.0.21.9-hotspot\bin;C:\Program Files\Microsoft\jdk-17.0.10.7-hotspot\bin;C:\Program Files\Common Files\Oracle\Java\javapath;C:\Program Files (x86)\Common Files\Intel\Shared Files\fortran\bin\Intel64;C:\Program Files (x86)\Common Files\Intel\Shared Libraries\redist\intel64_win\mpirt;C:\Program Files (x86)\Common Files\Intel\Shared Libraries\redist\intel64_win\compiler;C:\Windows\system32;C:\Windows;C:\Windows\System32\Wbem;C:\Windows\System32\WindowsPowerShell\v1.0\;C:\Windows\System32\OpenSSH\;C:\Program Files\Microsoft SQL Server\110\Tools\Binn\;E:\Matlab1\runtime\win64;E:\Matlab1\bin;E:\Matlab1\polyspace\bin;C:\Program Files\dotnet\;C:\Users\dell\AppData\Roaming\nvm;C:\Program Files\nodejs;C:\Program Files\Git\cmd;C:\ProgramData\chocolatey\bin;C:\Users\dell\AppData\Local\Android\Sdk\platform-tools;C:\Users\dell\AppData\Local\Android\Sdk\platform-tools;C:\Program Files\OpenLogic\jdk-11.0.22.7-hotspot;C:\Program Files\OpenLogic\jdk-11.0.22.7-hotspot\bin;C:\Users\dell\AppData\Local\Android\Sdk\platform-tools;C:\Program Files\OpenLogic\jdk-11.0.22.7-hotspot;C:\Program Files\nodejs\;C:\Users\dell\AppData\Local\Programs\Python\Python312\Scripts\;C:\Users\dell\AppData\Local\Programs\Python\Python312\;C:\Users\dell\AppData\Local\Android\Sdk\tools;C:\Users\dell\AppData\Local\jdk-11.0.2\bin;C:\Users\dell\AppData\Local\Microsoft\WindowsApps;D:\VS Code\Microsoft VS Code\bin;C:\Users\dell\AppData\Roaming\nvm;C:\Program Files\nodejs;C:\Program Files\JetBrains\PyCharm Community Edition 2023.1.2\bin;;C:\Users\dell\AppData\Local\GitHubDesktop\bin;C:\Users\dell\AppData\Roaming\npm
USERNAME=dell
LANG=en_US.UTF-8
OS=Windows_NT
PROCESSOR_IDENTIFIER=Intel64 Family 6 Model 142 Stepping 9, GenuineIntel
TMP=C:\Users\dell\AppData\Local\Temp
TEMP=C:\Users\dell\AppData\Local\Temp



Periodic native trim disabled


---------------  S Y S T E M  ---------------

OS:
 Windows 10 , 64 bit Build 19041 (10.0.19041.4717)
OS uptime: 0 days 8:51 hours
Hyper-V role detected

CPU: total 4 (initial active 4) (2 cores per cpu, 2 threads per core) family 6 model 142 stepping 9 microcode 0xca, cx8, cmov, fxsr, ht, mmx, 3dnowpref, sse, sse2, sse3, ssse3, sse4.1, sse4.2, popcnt, lzcnt, tsc, tscinvbit, avx, avx2, aes, erms, clmul, bmi1, bmi2, adx, fma, vzeroupper, clflush, clflushopt, hv
Processor Information for all 4 processors :
  Max Mhz: 2701, Current Mhz: 2701, Mhz Limit: 2701

Memory: 4k page, system-wide physical 7812M (108M free)
TotalPageFile size 15773M (AvailPageFile size 293M)
current process WorkingSet (physical memory assigned to process): 467M, peak: 518M
current process commit charge ("private bytes"): 634M, peak: 1014M

vm_info: OpenJDK 64-Bit Server VM (17.0.10+7-adhoc..jdk17u) for windows-amd64 JRE (17.0.10+7-adhoc..jdk17u), built on Jan 24 2024 08:51:31 by "" with MS VC++ 16.10 / 16.11 (VS2019)

END.
